#
# There is insufficient memory for the Java Runtime Environment to continue.
# Native memory allocation (malloc) failed to allocate 32744 bytes for ChunkPool::allocate
# Possible reasons:
#   The system is out of physical RAM or swap space
#   In 32 bit mode, the process size limit was hit
# Possible solutions:
#   Reduce memory load on the system
#   Increase physical memory or swap space
#   Check if swap backing store is full
#   Use 64 bit Java on a 64 bit OS
#   Decrease Java heap size (-Xmx/-Xms)
#   Decrease number of Java threads
#   Decrease Java thread stack sizes (-Xss)
#   Set larger code cache with -XX:ReservedCodeCacheSize=
# This output file may be truncated or incomplete.
#
#  Out of Memory Error (allocation.cpp:273), pid=6620, tid=0x0000000000001b14
#
# JRE version: Java(TM) SE Runtime Environment (8.0_121-b13) (build 1.8.0_121-b13)
# Java VM: Java HotSpot(TM) 64-Bit Server VM (25.121-b13 mixed mode windows-amd64 compressed oops)
# Failed to write core dump. Minidumps are not enabled by default on client versions of Windows
#

---------------  T H R E A D  ---------------

Current thread (0x00000000589b3000):  JavaThread "C2 CompilerThread2" daemon [_thread_in_native, id=6932, stack(0x0000000059ce0000,0x0000000059de0000)]

Stack: [0x0000000059ce0000,0x0000000059de0000]
[error occurred during error reporting (printing stack bounds), id 0xc0000005]

Native frames: (J=compiled Java code, j=interpreted, Vv=VM code, C=native code)


Current CompileTask:
C2:  85348 1978       4       com.sun.javafx.tk.quantum.QuantumToolkit::postPulse (148 bytes)


---------------  P R O C E S S  ---------------

Java Threads: ( => current thread )
  0x000000005ab9e800 JavaThread "Prism Font Disposer" daemon [_thread_blocked, id=6640, stack(0x000000005f6a0000,0x000000005f7a0000)]
  0x000000005aa12000 JavaThread "Thread-3" daemon [_thread_in_native, id=3940, stack(0x000000005ddb0000,0x000000005deb0000)]
  0x000000005a9c1800 JavaThread "JavaFX-Launcher" [_thread_blocked, id=7008, stack(0x000000005dfa0000,0x000000005e0a0000)]
  0x000000005a97f000 JavaThread "JavaFX Application Thread" [_thread_in_native, id=6992, stack(0x000000005bb40000,0x000000005bc40000)]
  0x000000005a978000 JavaThread "Thread-1" daemon [_thread_blocked, id=6540, stack(0x000000005b9d0000,0x000000005bad0000)]
  0x000000005a952000 JavaThread "QuantumRenderer-0" daemon [_thread_blocked, id=5928, stack(0x000000005b0f0000,0x000000005b1f0000)]
  0x0000000058a40800 JavaThread "Service Thread" daemon [_thread_blocked, id=6488, stack(0x000000005a490000,0x000000005a590000)]
  0x00000000589b5000 JavaThread "C1 CompilerThread3" daemon [_thread_blocked, id=2360, stack(0x000000005a5c0000,0x000000005a6c0000)]
=>0x00000000589b3000 JavaThread "C2 CompilerThread2" daemon [_thread_in_native, id=6932, stack(0x0000000059ce0000,0x0000000059de0000)]
  0x00000000589a7800 JavaThread "C2 CompilerThread1" daemon [_thread_blocked, id=2852, stack(0x000000005a330000,0x000000005a430000)]
  0x00000000589a0800 JavaThread "C2 CompilerThread0" daemon [_thread_blocked, id=6432, stack(0x000000005a160000,0x000000005a260000)]
  0x000000005899d000 JavaThread "Attach Listener" daemon [_thread_blocked, id=6388, stack(0x0000000059f90000,0x000000005a090000)]
  0x000000005899b800 JavaThread "Signal Dispatcher" daemon [_thread_blocked, id=7100, stack(0x0000000059a90000,0x0000000059b90000)]
  0x00000000578ed800 JavaThread "Finalizer" daemon [_thread_blocked, id=7128, stack(0x0000000059e40000,0x0000000059f40000)]
  0x00000000578e6800 JavaThread "Reference Handler" daemon [_thread_blocked, id=4612, stack(0x0000000059bd0000,0x0000000059cd0000)]
  0x000000000219e000 JavaThread "main" [_thread_blocked, id=3564, stack(0x00000000023e0000,0x00000000024e0000)]

Other Threads:
  0x0000000058950800 VMThread [stack: 0x0000000059970000,0x0000000059a70000] [id=6604]
  0x0000000058a09000 WatcherThread [stack: 0x000000005a740000,0x000000005a840000] [id=3300]

VM state:not at safepoint (normal execution)

VM Mutex/Monitor currently owned by a thread: None

Heap:
 PSYoungGen      total 38400K, used 31815K [0x00000000d5c00000, 0x00000000d8680000, 0x0000000100000000)
  eden space 33280K, 95% used [0x00000000d5c00000,0x00000000d7b11d88,0x00000000d7c80000)
  from space 5120K, 0% used [0x00000000d8180000,0x00000000d8180000,0x00000000d8680000)
  to   space 5120K, 0% used [0x00000000d7c80000,0x00000000d7c80000,0x00000000d8180000)
 ParOldGen       total 87552K, used 0K [0x0000000081400000, 0x0000000086980000, 0x00000000d5c00000)
  object space 87552K, 0% used [0x0000000081400000,0x0000000081400000,0x0000000086980000)
 Metaspace       used 13814K, capacity 14542K, committed 14720K, reserved 1062912K
  class space    used 1899K, capacity 2100K, committed 2176K, reserved 1048576K

Card table byte_map: [0x0000000011b70000,0x0000000011f70000] byte_map_base: 0x0000000011766000

Marking Bits: (ParMarkBitMap*) 0x00000000665cb6d0
 Begin Bits: [0x0000000012ba0000, 0x0000000014b50000)
 End Bits:   [0x0000000014b50000, 0x0000000016b00000)

Polling page: 0x00000000001d0000

CodeCache: size=245760Kb used=5976Kb max_used=5976Kb free=239783Kb
 bounds [0x00000000027b0000, 0x0000000002d90000, 0x00000000117b0000]
 total_blobs=2604 nmethods=1977 adapters=538
 compilation: enabled

Compilation events (10 events):
Event: 6.488 Thread 0x00000000589b5000 nmethod 1975 0x0000000002d86110 code [0x0000000002d86300, 0x0000000002d86e18]
Event: 6.488 Thread 0x00000000589b5000 1976       3       javafx.scene.layout.GridPane$CompositeSize::computeTotal (39 bytes)
Event: 6.488 Thread 0x00000000589b5000 nmethod 1976 0x0000000002d87290 code [0x0000000002d87400, 0x0000000002d87630]
Event: 6.488 Thread 0x00000000589b5000 1974       3       com.sun.javafx.scene.control.skin.Utils::computeTextHeight (92 bytes)
Event: 6.489 Thread 0x00000000589b5000 nmethod 1974 0x0000000002d87790 code [0x0000000002d879a0, 0x0000000002d880c8]
Event: 6.489 Thread 0x00000000589b5000 1977       3       com.sun.javafx.geom.transform.Identity::transform (13 bytes)
Event: 6.489 Thread 0x00000000589b5000 nmethod 1977 0x0000000002d88390 code [0x0000000002d88500, 0x0000000002d88748]
Event: 6.489 Thread 0x00000000589b5000 1973       1       javafx.scene.CssStyleHelper$CacheContainer::access$400 (5 bytes)
Event: 6.489 Thread 0x00000000589b5000 nmethod 1973 0x0000000002d88810 code [0x0000000002d88960, 0x0000000002d88a50]
Event: 85.332 Thread 0x00000000589b3000 1978       4       com.sun.javafx.tk.quantum.QuantumToolkit::postPulse (148 bytes)

GC Heap History (0 events):
No events

Deoptimization events (10 events):
Event: 0.429 Thread 0x000000005a97f000 Uncommon trap: reason=class_check action=maybe_recompile pc=0x00000000029dd710 method=java.io.DataInputStream.readShort()S @ 4
Event: 0.429 Thread 0x000000005a97f000 Uncommon trap: reason=class_check action=maybe_recompile pc=0x00000000029dd710 method=java.io.DataInputStream.readShort()S @ 4
Event: 0.429 Thread 0x000000005a97f000 Uncommon trap: reason=class_check action=maybe_recompile pc=0x00000000029dd710 method=java.io.DataInputStream.readShort()S @ 4
Event: 0.432 Thread 0x000000005a97f000 Uncommon trap: reason=class_check action=maybe_recompile pc=0x00000000028cec20 method=java.lang.String.equals(Ljava/lang/Object;)Z @ 8
Event: 0.432 Thread 0x000000005a97f000 Uncommon trap: reason=class_check action=maybe_recompile pc=0x00000000028cec20 method=java.lang.String.equals(Ljava/lang/Object;)Z @ 8
Event: 0.432 Thread 0x000000005a97f000 Uncommon trap: reason=class_check action=maybe_recompile pc=0x00000000028cec20 method=java.lang.String.equals(Ljava/lang/Object;)Z @ 8
Event: 0.433 Thread 0x000000005a97f000 Uncommon trap: reason=class_check action=maybe_recompile pc=0x00000000028cec20 method=java.lang.String.equals(Ljava/lang/Object;)Z @ 8
Event: 0.506 Thread 0x000000005a97f000 Uncommon trap: reason=unstable_if action=reinterpret pc=0x0000000002a97f1c method=sun.misc.URLClassPath$JarLoader.ensureOpen()V @ 4
Event: 0.512 Thread 0x000000005a97f000 Uncommon trap: reason=unstable_if action=reinterpret pc=0x0000000002a3f9f4 method=sun.net.www.ParseUtil.encodePath(Ljava/lang/String;Z)Ljava/lang/String; @ 109
Event: 0.519 Thread 0x000000005a97f000 Uncommon trap: reason=unstable_if action=reinterpret pc=0x0000000002967e7c method=java.lang.String.startsWith(Ljava/lang/String;I)Z @ 25

Internal exceptions (10 events):
Event: 0.103 Thread 0x000000000219e000 Exception <a 'java/lang/NoSuchFieldError': method resolution failed> (0x00000000d5e4cf18) thrown at [C:\re\workspace\8-2-build-windows-amd64-cygwin\jdk8u121\8372\hotspot\src\share\vm\prims\methodHandles.cpp, line 1146]
Event: 0.116 Thread 0x000000000219e000 Exception <a 'java/security/PrivilegedActionException'> (0x00000000d5ed8130) thrown at [C:\re\workspace\8-2-build-windows-amd64-cygwin\jdk8u121\8372\hotspot\src\share\vm\prims\jvm.cpp, line 1390]
Event: 0.116 Thread 0x000000000219e000 Exception <a 'java/security/PrivilegedActionException'> (0x00000000d5ed8340) thrown at [C:\re\workspace\8-2-build-windows-amd64-cygwin\jdk8u121\8372\hotspot\src\share\vm\prims\jvm.cpp, line 1390]
Event: 0.116 Thread 0x000000000219e000 Exception <a 'java/security/PrivilegedActionException'> (0x00000000d5edc250) thrown at [C:\re\workspace\8-2-build-windows-amd64-cygwin\jdk8u121\8372\hotspot\src\share\vm\prims\jvm.cpp, line 1390]
Event: 0.116 Thread 0x000000000219e000 Exception <a 'java/security/PrivilegedActionException'> (0x00000000d5edc460) thrown at [C:\re\workspace\8-2-build-windows-amd64-cygwin\jdk8u121\8372\hotspot\src\share\vm\prims\jvm.cpp, line 1390]
Event: 0.116 Thread 0x000000000219e000 Exception <a 'java/lang/NullPointerException'> (0x00000000d5edca38) thrown at [C:\re\workspace\8-2-build-windows-amd64-cygwin\jdk8u121\8372\hotspot\src\share\vm\interpreter\linkResolver.cpp, line 1178]
Event: 0.259 Thread 0x000000005a97f000 Exception <a 'java/lang/NullPointerException'> (0x00000000d67f0910) thrown at [C:\re\workspace\8-2-build-windows-amd64-cygwin\jdk8u121\8372\hotspot\src\share\vm\interpreter\linkResolver.cpp, line 1178]
Event: 0.259 Thread 0x000000005a97f000 Exception <a 'java/lang/NullPointerException'> (0x00000000d67f0910) thrown at [C:\re\workspace\8-2-build-windows-amd64-cygwin\jdk8u121\8372\hotspot\src\share\vm\prims\jvm.cpp, line 1394]
Event: 0.351 Thread 0x000000005a97f000 Implicit null exception at 0x00000000029f1f65 to 0x00000000029f2131
Event: 0.506 Thread 0x000000005a97f000 Implicit null exception at 0x0000000002a96e4a to 0x0000000002a97ef5

Events (10 events):
Event: 2.001 loading class com/sun/javafx/tk/quantum/QuantumToolkit
Event: 2.001 loading class com/sun/javafx/tk/quantum/QuantumToolkit done
Event: 2.001 loading class com/sun/javafx/tk/quantum/QuantumToolkit
Event: 2.001 loading class com/sun/javafx/tk/quantum/QuantumToolkit done
Event: 2.002 loading class com/sun/javafx/tk/RenderJob
Event: 2.002 loading class com/sun/javafx/tk/RenderJob done
Event: 2.260 Executing VM operation: ForceSafepoint
Event: 2.261 Executing VM operation: ForceSafepoint done
Event: 4.174 Executing VM operation: EnableBiasedLocking
Event: 4.174 Executing VM operation: EnableBiasedLocking done


Dynamic libraries:
0x000000013ff20000 - 0x000000013ff57000 	C:\Program Files\Java\jdk1.8.0_121\jre\bin\java.exe
0x0000000076f80000 - 0x000000007712a000 	C:\Windows\SYSTEM32\ntdll.dll
0x0000000076e60000 - 0x0000000076f7f000 	C:\Windows\system32\kernel32.dll
0x000007fefcd20000 - 0x000007fefcd8a000 	C:\Windows\system32\KERNELBASE.dll
0x000007feff030000 - 0x000007feff10b000 	C:\Windows\system32\ADVAPI32.dll
0x000007fefef60000 - 0x000007fefefff000 	C:\Windows\system32\msvcrt.dll
0x000007fefd350000 - 0x000007fefd36f000 	C:\Windows\SYSTEM32\sechost.dll
0x000007fefe9f0000 - 0x000007fefeb1d000 	C:\Windows\system32\RPCRT4.dll
0x0000000076d60000 - 0x0000000076e5a000 	C:\Windows\system32\USER32.dll
0x000007fefe900000 - 0x000007fefe967000 	C:\Windows\system32\GDI32.dll
0x000007fefe970000 - 0x000007fefe97e000 	C:\Windows\system32\LPK.dll
0x000007fefd280000 - 0x000007fefd34a000 	C:\Windows\system32\USP10.dll
0x000007fefb710000 - 0x000007fefb904000 	C:\Windows\WinSxS\amd64_microsoft.windows.common-controls_6595b64144ccf1df_6.0.7601.18837_none_fa3b1e3d17594757\COMCTL32.dll
0x000007fefeb70000 - 0x000007fefebe1000 	C:\Windows\system32\SHLWAPI.dll
0x000007feff000000 - 0x000007feff02e000 	C:\Windows\system32\IMM32.DLL
0x000007fefd570000 - 0x000007fefd679000 	C:\Windows\system32\MSCTF.dll
0x0000000067c00000 - 0x0000000067cd2000 	C:\Program Files\Java\jdk1.8.0_121\jre\bin\msvcr100.dll
0x0000000065db0000 - 0x000000006664b000 	C:\Program Files\Java\jdk1.8.0_121\jre\bin\server\jvm.dll
0x000007fef9660000 - 0x000007fef9669000 	C:\Windows\system32\WSOCK32.dll
0x000007fefeb20000 - 0x000007fefeb6d000 	C:\Windows\system32\WS2_32.dll
0x000007fefe980000 - 0x000007fefe988000 	C:\Windows\system32\NSI.dll
0x000007fef8420000 - 0x000007fef845b000 	C:\Windows\system32\WINMM.dll
0x000007fefbda0000 - 0x000007fefbdac000 	C:\Windows\system32\VERSION.dll
0x0000000077150000 - 0x0000000077157000 	C:\Windows\system32\PSAPI.DLL
0x0000000073e00000 - 0x0000000073e0f000 	C:\Program Files\Java\jdk1.8.0_121\jre\bin\verify.dll
0x0000000067bd0000 - 0x0000000067bf9000 	C:\Program Files\Java\jdk1.8.0_121\jre\bin\java.dll
0x0000000067b60000 - 0x0000000067b76000 	C:\Program Files\Java\jdk1.8.0_121\jre\bin\zip.dll
0x000007fefdaf0000 - 0x000007fefe87a000 	C:\Windows\system32\SHELL32.dll
0x000007fefd070000 - 0x000007fefd273000 	C:\Windows\system32\ole32.dll
0x000007fefccb0000 - 0x000007fefccbf000 	C:\Windows\system32\profapi.dll
0x000007fee8c30000 - 0x000007fee8d1f000 	C:\Program Files\Java\jdk1.8.0_121\jre\bin\msvcr120.dll
0x000007fee8b80000 - 0x000007fee8c26000 	C:\Program Files\Java\jdk1.8.0_121\jre\bin\msvcp120.dll
0x0000000065720000 - 0x0000000065742000 	C:\Program Files\Java\jdk1.8.0_121\jre\bin\prism_d3d.dll
0x000007fee8870000 - 0x000007fee8a6f000 	C:\Windows\system32\d3d9.dll
0x000007fefa730000 - 0x000007fefa737000 	C:\Windows\system32\d3d8thk.dll
0x000007fefaec0000 - 0x000007fefaed8000 	C:\Windows\system32\dwmapi.dll
0x000007fefb2a0000 - 0x000007fefb2f6000 	C:\Windows\system32\uxtheme.dll
0x000007fef5f70000 - 0x000007fef60d2000 	C:\Windows\system32\aticfx64.dll
0x000007fef71f0000 - 0x000007fef7211000 	C:\Windows\system32\atiu9p64.dll
0x000007fee61e0000 - 0x000007fee6a3a000 	C:\Windows\system32\atiumd64.dll
0x00000000641a0000 - 0x0000000064a26000 	C:\Windows\system32\atiumd6a.dll
0x000007fefb630000 - 0x000007fefb65c000 	C:\Windows\system32\POWRPROF.dll
0x000007fefd390000 - 0x000007fefd567000 	C:\Windows\system32\SETUPAPI.dll
0x000007fefcdb0000 - 0x000007fefcde6000 	C:\Windows\system32\CFGMGR32.dll
0x000007feff1b0000 - 0x000007feff28a000 	C:\Windows\system32\OLEAUT32.dll
0x000007fefcd90000 - 0x000007fefcdaa000 	C:\Windows\system32\DEVOBJ.dll
0x00000000656d0000 - 0x0000000065713000 	C:\Program Files\Java\jdk1.8.0_121\jre\bin\glass.dll
0x000007feff110000 - 0x000007feff1a7000 	C:\Windows\system32\COMDLG32.dll
0x000007fefcb10000 - 0x000007fefcb1f000 	C:\Windows\system32\CRYPTBASE.dll
0x0000000067b00000 - 0x0000000067b14000 	C:\Program Files\Java\jdk1.8.0_121\jre\bin\javafx_font.dll
0x000007feede10000 - 0x000007feedfa7000 	C:\Windows\system32\dwrite.dll
0x000007fefebf0000 - 0x000007fefec89000 	C:\Windows\system32\CLBCatQ.DLL
0x000007fefa830000 - 0x000007fefa991000 	C:\Windows\system32\WindowsCodecs.dll
0x000007fefcab0000 - 0x000007fefcb07000 	C:\Windows\system32\apphelp.dll
0x000007fef5340000 - 0x000007fef557b000 	C:\PROGRA~1\MICROS~4\Office15\GROOVEEX.DLL
0x00000000748a0000 - 0x0000000074938000 	C:\Windows\system32\MSVCP100.dll
0x0000000074870000 - 0x000000007489b000 	C:\Windows\system32\ATL100.DLL
0x000007fef5c50000 - 0x000007fef5f6e000 	C:\Windows\system32\msi.dll
0x000007fef41a0000 - 0x000007fef47d9000 	C:\PROGRA~1\MICROS~4\Office15\1033\GrooveIntlResource.dll
0x000007fefb0c0000 - 0x000007fefb0f5000 	C:\Windows\system32\EhStorShell.dll
0x000007fefb480000 - 0x000007fefb5ac000 	C:\Windows\system32\PROPSYS.dll
0x000007fefaf00000 - 0x000007fefaf7e000 	C:\Windows\System32\cscui.dll
0x000007fefbbc0000 - 0x000007fefbbcc000 	C:\Windows\System32\CSCDLL.dll
0x000007fefb930000 - 0x000007fefb93f000 	C:\Windows\system32\CSCAPI.dll
0x000007fef9fa0000 - 0x000007fefa020000 	C:\Windows\system32\ntshrui.dll
0x000007fefc730000 - 0x000007fefc753000 	C:\Windows\system32\srvcli.dll
0x000007fefa9c0000 - 0x000007fefa9cb000 	C:\Windows\system32\slc.dll
0x000007fef7010000 - 0x000007fef703d000 	C:\Program Files\Common Files\Microsoft Shared\Ink\rtscom.dll
0x00000000656b0000 - 0x00000000656c1000 	C:\Program Files\Java\jdk1.8.0_121\jre\bin\prism_common.dll

VM Arguments:
jvm_args: -Dfile.encoding=UTF-8 
java_command: C:\Users\SoftwareEngineer\Documents\NetBeansProjects\JavascriptDevil\dist\run395515885\JavascriptDevil.jar
java_class_path (initial): C:\Users\SoftwareEngineer\Documents\NetBeansProjects\JavascriptDevil\dist\run395515885\JavascriptDevil.jar
Launcher Type: SUN_STANDARD

Environment Variables:
PATH=C:\ProgramData\Oracle\Java\javapath;C:\Windows\system32;C:\Windows;C:\Windows\System32\Wbem;C:\Windows\System32\WindowsPowerShell\v1.0\;C:\Program Files\MySQL\MySQL Utilities 1.6\;C:\Program Files\Microsoft SQL Server\130\Tools\Binn\;C:\Program Files (x86)\GtkSharp\2.12\bin;C:\Program Files (x86)\AMD\ATI.ACE\Core-Static;C:\Windows\system32\config\systemprofile\.dnx\bin;C:\Program Files\Microsoft DNX\Dnvm\;C:\Program Files (x86)\Windows Kits\10\Windows Performance Toolkit\
USERNAME=SoftwareEngineer
OS=Windows_NT
PROCESSOR_IDENTIFIER=Intel64 Family 6 Model 60 Stepping 3, GenuineIntel



---------------  S Y S T E M  ---------------

OS: Windows 7 , 64 bit Build 7601 (6.1.7601.23572)

CPU:total 8 (4 cores per cpu, 2 threads per core) family 6 model 60 stepping 3, cmov, cx8, fxsr, mmx, sse, sse2, sse3, ssse3, sse4.1, sse4.2, popcnt, avx, avx2, aes, clmul, erms, rtm, lzcnt, ht, tsc, tscinvbit, bmi1, bmi2

Memory: 4k page, physical 8305672k(2089244k free), swap 10351812k(4308k free)

vm_info: Java HotSpot(TM) 64-Bit Server VM (25.121-b13) for windows-amd64 JRE (1.8.0_121-b13), built on Dec 12 2016 18:21:36 by "java_re" with MS VC++ 10.0 (VS2010)

time: Fri May 05 21:36:55 2017
elapsed time: 85 seconds (0d 0h 1m 25s)

