#
# There is insufficient memory for the Java Runtime Environment to continue.
# Native memory allocation (malloc) failed to allocate 1674096 bytes for Chunk::new
# Possible reasons:
#   The system is out of physical RAM or swap space
#   In 32 bit mode, the process size limit was hit
# Possible solutions:
#   Reduce memory load on the system
#   Increase physical memory or swap space
#   Check if swap backing store is full
#   Use 64 bit Java on a 64 bit OS
#   Decrease Java heap size (-Xmx/-Xms)
#   Decrease number of Java threads
#   Decrease Java thread stack sizes (-Xss)
#   Set larger code cache with -XX:ReservedCodeCacheSize=
# This output file may be truncated or incomplete.
#
#  Out of Memory Error (allocation.cpp:390), pid=6008, tid=0x0000000000001714
#
# JRE version: Java(TM) SE Runtime Environment (8.0_121-b13) (build 1.8.0_121-b13)
# Java VM: Java HotSpot(TM) 64-Bit Server VM (25.121-b13 mixed mode windows-amd64 compressed oops)
# Failed to write core dump. Minidumps are not enabled by default on client versions of Windows
#

---------------  T H R E A D  ---------------

Current thread (0x0000000058b08800):  JavaThread "C2 CompilerThread1" daemon [_thread_in_native, id=5908, stack(0x000000005a3b0000,0x000000005a4b0000)]

Stack: [0x000000005a3b0000,0x000000005a4b0000]
[error occurred during error reporting (printing stack bounds), id 0xc0000005]

Native frames: (J=compiled Java code, j=interpreted, Vv=VM code, C=native code)


Current CompileTask:
C2:   2526 1479       4       org.mozilla.javascript.Parser::memberExprTail (490 bytes)


---------------  P R O C E S S  ---------------

Java Threads: ( => current thread )
  0x000000005ae48800 JavaThread "Prism Font Disposer" daemon [_thread_blocked, id=6056, stack(0x000000005f2f0000,0x000000005f3f0000)]
  0x000000005ab64000 JavaThread "Thread-3" daemon [_thread_in_native, id=5968, stack(0x000000005dac0000,0x000000005dbc0000)]
  0x000000005ac24000 JavaThread "JavaFX-Launcher" [_thread_blocked, id=3368, stack(0x000000005dc10000,0x000000005dd10000)]
  0x000000005ab30800 JavaThread "JavaFX Application Thread" [_thread_in_Java, id=7052, stack(0x000000005ba30000,0x000000005bb30000)]
  0x000000005ab30000 JavaThread "Thread-1" daemon [_thread_blocked, id=3800, stack(0x000000005b8e0000,0x000000005b9e0000)]
  0x000000005ab05800 JavaThread "QuantumRenderer-0" daemon [_thread_blocked, id=4568, stack(0x000000005b230000,0x000000005b330000)]
  0x0000000058bae000 JavaThread "Service Thread" daemon [_thread_blocked, id=3680, stack(0x000000005a7e0000,0x000000005a8e0000)]
  0x0000000058b24800 JavaThread "C1 CompilerThread3" daemon [_thread_in_native, id=5508, stack(0x000000005a5e0000,0x000000005a6e0000)]
  0x0000000058b20800 JavaThread "C2 CompilerThread2" daemon [_thread_in_native, id=6244, stack(0x000000005a280000,0x000000005a380000)]
=>0x0000000058b08800 JavaThread "C2 CompilerThread1" daemon [_thread_in_native, id=5908, stack(0x000000005a3b0000,0x000000005a4b0000)]
  0x0000000058b04800 JavaThread "C2 CompilerThread0" daemon [_thread_in_native, id=964, stack(0x000000005a170000,0x000000005a270000)]
  0x0000000058b01000 JavaThread "Attach Listener" daemon [_thread_blocked, id=4008, stack(0x0000000059f80000,0x000000005a080000)]
  0x0000000058b00000 JavaThread "Signal Dispatcher" daemon [_thread_blocked, id=7136, stack(0x0000000059b40000,0x0000000059c40000)]
  0x0000000057b60000 JavaThread "Finalizer" daemon [_thread_blocked, id=4196, stack(0x0000000059e20000,0x0000000059f20000)]
  0x0000000057b59000 JavaThread "Reference Handler" daemon [_thread_blocked, id=3044, stack(0x0000000059ce0000,0x0000000059de0000)]
  0x000000000211e000 JavaThread "main" [_thread_blocked, id=5936, stack(0x00000000023f0000,0x00000000024f0000)]

Other Threads:
  0x0000000058ab2000 VMThread [stack: 0x0000000059a10000,0x0000000059b10000] [id=2220]
  0x0000000058b6c800 WatcherThread [stack: 0x000000005a920000,0x000000005aa20000] [id=5156]

VM state:not at safepoint (normal execution)

VM Mutex/Monitor currently owned by a thread: None

Heap:
 PSYoungGen      total 38400K, used 6595K [0x00000000d5c00000, 0x00000000da700000, 0x0000000100000000)
  eden space 33280K, 4% used [0x00000000d5c00000,0x00000000d5d746c8,0x00000000d7c80000)
  from space 5120K, 99% used [0x00000000d8180000,0x00000000d867c928,0x00000000d8680000)
  to   space 5120K, 0% used [0x00000000d7c80000,0x00000000d7c80000,0x00000000d8180000)
 ParOldGen       total 87552K, used 13734K [0x0000000081400000, 0x0000000086980000, 0x00000000d5c00000)
  object space 87552K, 15% used [0x0000000081400000,0x0000000082169ab8,0x0000000086980000)
 Metaspace       used 17103K, capacity 17810K, committed 18048K, reserved 1064960K
  class space    used 2386K, capacity 2572K, committed 2688K, reserved 1048576K

Card table byte_map: [0x0000000011b80000,0x0000000011f80000] byte_map_base: 0x0000000011776000

Marking Bits: (ParMarkBitMap*) 0x00000000703bb6d0
 Begin Bits: [0x0000000012e10000, 0x0000000014dc0000)
 End Bits:   [0x0000000014dc0000, 0x0000000016d70000)

Polling page: 0x0000000000240000

CodeCache: size=245760Kb used=5852Kb max_used=5852Kb free=239907Kb
 bounds [0x00000000027c0000, 0x0000000002d80000, 0x00000000117c0000]
 total_blobs=2381 nmethods=1712 adapters=580
 compilation: enabled

Compilation events (10 events):
Event: 2.496 Thread 0x0000000058b24800 nmethod 1737 0x0000000002d5e8d0 code [0x0000000002d5ea40, 0x0000000002d5ebc8]
Event: 2.509 Thread 0x0000000058b24800 1738   !   2       java.util.zip.ZipFile$ZipFileInflaterInputStream::close (67 bytes)
Event: 2.510 Thread 0x0000000058b24800 nmethod 1738 0x0000000002d5f490 code [0x0000000002d5f620, 0x0000000002d5fa38]
Event: 2.510 Thread 0x0000000058b24800 1739       2       org.mozilla.javascript.optimizer.BodyCodegen::generateExpression (2985 bytes)
Event: 2.516 Thread 0x0000000058b20800 nmethod 1385 0x0000000002d658d0 code [0x0000000002d66520, 0x0000000002d6b3b8]
Event: 2.516 Thread 0x0000000058b20800 1501       4       org.mozilla.javascript.Parser::addExpr (54 bytes)
Event: 2.520 Thread 0x0000000058b24800 nmethod 1739 0x0000000002d728d0 code [0x0000000002d73760, 0x0000000002d77f58]
Event: 2.520 Thread 0x0000000058b24800 1756 %     3       org.mozilla.javascript.UintMap::ensureIndex @ 89 (203 bytes)
Event: 2.520 Thread 0x0000000058b24800 nmethod 1756% 0x0000000002d64b50 code [0x0000000002d64d00, 0x0000000002d65498]
Event: 2.520 Thread 0x0000000058b24800 1746       2       org.mozilla.javascript.optimizer.BodyCodegen::generateStatement (1344 bytes)

GC Heap History (4 events):
Event: 2.216 GC heap before
{Heap before GC invocations=1 (full 0):
 PSYoungGen      total 38400K, used 33280K [0x00000000d5c00000, 0x00000000d8680000, 0x0000000100000000)
  eden space 33280K, 100% used [0x00000000d5c00000,0x00000000d7c80000,0x00000000d7c80000)
  from space 5120K, 0% used [0x00000000d8180000,0x00000000d8180000,0x00000000d8680000)
  to   space 5120K, 0% used [0x00000000d7c80000,0x00000000d7c80000,0x00000000d8180000)
 ParOldGen       total 87552K, used 0K [0x0000000081400000, 0x0000000086980000, 0x00000000d5c00000)
  object space 87552K, 0% used [0x0000000081400000,0x0000000081400000,0x0000000086980000)
 Metaspace       used 14413K, capacity 15154K, committed 15488K, reserved 1062912K
  class space    used 2139K, capacity 2348K, committed 2432K, reserved 1048576K
Event: 2.224 GC heap after
Heap after GC invocations=1 (full 0):
 PSYoungGen      total 38400K, used 5109K [0x00000000d5c00000, 0x00000000d8680000, 0x0000000100000000)
  eden space 33280K, 0% used [0x00000000d5c00000,0x00000000d5c00000,0x00000000d7c80000)
  from space 5120K, 99% used [0x00000000d7c80000,0x00000000d817d400,0x00000000d8180000)
  to   space 5120K, 0% used [0x00000000d8180000,0x00000000d8180000,0x00000000d8680000)
 ParOldGen       total 87552K, used 2394K [0x0000000081400000, 0x0000000086980000, 0x00000000d5c00000)
  object space 87552K, 2% used [0x0000000081400000,0x00000000816569f0,0x0000000086980000)
 Metaspace       used 14413K, capacity 15154K, committed 15488K, reserved 1062912K
  class space    used 2139K, capacity 2348K, committed 2432K, reserved 1048576K
}
Event: 2.496 GC heap before
{Heap before GC invocations=2 (full 0):
 PSYoungGen      total 38400K, used 38389K [0x00000000d5c00000, 0x00000000d8680000, 0x0000000100000000)
  eden space 33280K, 100% used [0x00000000d5c00000,0x00000000d7c80000,0x00000000d7c80000)
  from space 5120K, 99% used [0x00000000d7c80000,0x00000000d817d400,0x00000000d8180000)
  to   space 5120K, 0% used [0x00000000d8180000,0x00000000d8180000,0x00000000d8680000)
 ParOldGen       total 87552K, used 2394K [0x0000000081400000, 0x0000000086980000, 0x00000000d5c00000)
  object space 87552K, 2% used [0x0000000081400000,0x00000000816569f0,0x0000000086980000)
 Metaspace       used 17017K, capacity 17682K, committed 18048K, reserved 1064960K
  class space    used 2386K, capacity 2572K, committed 2688K, reserved 1048576K
Event: 2.509 GC heap after
Heap after GC invocations=2 (full 0):
 PSYoungGen      total 38400K, used 5106K [0x00000000d5c00000, 0x00000000da700000, 0x0000000100000000)
  eden space 33280K, 0% used [0x00000000d5c00000,0x00000000d5c00000,0x00000000d7c80000)
  from space 5120K, 99% used [0x00000000d8180000,0x00000000d867c928,0x00000000d8680000)
  to   space 5120K, 0% used [0x00000000d7c80000,0x00000000d7c80000,0x00000000d8180000)
 ParOldGen       total 87552K, used 13734K [0x0000000081400000, 0x0000000086980000, 0x00000000d5c00000)
  object space 87552K, 15% used [0x0000000081400000,0x0000000082169ab8,0x0000000086980000)
 Metaspace       used 17017K, capacity 17682K, committed 18048K, reserved 1064960K
  class space    used 2386K, capacity 2572K, committed 2688K, reserved 1048576K
}

Deoptimization events (10 events):
Event: 2.360 Thread 0x000000005ab30800 Uncommon trap: reason=unstable_if action=reinterpret pc=0x0000000002c36780 method=org.mozilla.javascript.TokenStream.getChar(Z)I @ 202
Event: 2.368 Thread 0x000000005ab30800 Uncommon trap: reason=unstable_if action=reinterpret pc=0x0000000002c93834 method=org.mozilla.javascript.TokenStream.stringToKeyword(Ljava/lang/String;)I @ 846
Event: 2.372 Thread 0x000000005ab30800 Uncommon trap: reason=unstable_if action=reinterpret pc=0x0000000002c4e888 method=org.mozilla.javascript.TokenStream.addToString(I)V @ 11
Event: 2.382 Thread 0x000000005ab30800 Uncommon trap: reason=unstable_if action=reinterpret pc=0x0000000002c9d2ac method=org.mozilla.javascript.Parser.memberExpr(Z)Lorg/mozilla/javascript/ast/AstNode; @ 16
Event: 2.383 Thread 0x000000005ab30800 Uncommon trap: reason=unstable_if action=reinterpret pc=0x0000000002c90d54 method=org.mozilla.javascript.ObjToIntMap.ensureIndex(Ljava/lang/Object;)I @ 145
Event: 2.384 Thread 0x000000005ab30800 Uncommon trap: reason=unstable_if action=reinterpret pc=0x0000000002c8eb0c method=org.mozilla.javascript.Parser.checkActivationName(Ljava/lang/String;I)V @ 16
Event: 2.384 Thread 0x000000005ab30800 Uncommon trap: reason=unstable_if action=reinterpret pc=0x0000000002c9c434 method=org.mozilla.javascript.Parser.checkActivationName(Ljava/lang/String;I)V @ 16
Event: 2.388 Thread 0x000000005ab30800 Uncommon trap: reason=unstable_if action=reinterpret pc=0x0000000002cc21b4 method=org.mozilla.javascript.Parser.checkActivationName(Ljava/lang/String;I)V @ 16
Event: 2.399 Thread 0x000000005ab30800 Uncommon trap: reason=unstable_if action=reinterpret pc=0x0000000002c92040 method=org.mozilla.javascript.ObjToIntMap.ensureIndex(Ljava/lang/Object;)I @ 80
Event: 2.405 Thread 0x000000005ab30800 Uncommon trap: reason=unstable_if action=reinterpret pc=0x0000000002cb32a8 method=org.mozilla.javascript.TokenStream.getChar(Z)I @ 106

Internal exceptions (10 events):
Event: 0.081 Thread 0x000000000211e000 Exception <a 'java/lang/NoSuchFieldError': method resolution failed> (0x00000000d5e43f88) thrown at [C:\re\workspace\8-2-build-windows-amd64-cygwin\jdk8u121\8372\hotspot\src\share\vm\prims\methodHandles.cpp, line 1146]
Event: 0.082 Thread 0x000000000211e000 Exception <a 'java/lang/NoSuchFieldError': method resolution failed> (0x00000000d5e51308) thrown at [C:\re\workspace\8-2-build-windows-amd64-cygwin\jdk8u121\8372\hotspot\src\share\vm\prims\methodHandles.cpp, line 1146]
Event: 0.093 Thread 0x000000000211e000 Exception <a 'java/security/PrivilegedActionException'> (0x00000000d5edbb28) thrown at [C:\re\workspace\8-2-build-windows-amd64-cygwin\jdk8u121\8372\hotspot\src\share\vm\prims\jvm.cpp, line 1390]
Event: 0.093 Thread 0x000000000211e000 Exception <a 'java/security/PrivilegedActionException'> (0x00000000d5edbd38) thrown at [C:\re\workspace\8-2-build-windows-amd64-cygwin\jdk8u121\8372\hotspot\src\share\vm\prims\jvm.cpp, line 1390]
Event: 0.094 Thread 0x000000000211e000 Exception <a 'java/security/PrivilegedActionException'> (0x00000000d5edfc48) thrown at [C:\re\workspace\8-2-build-windows-amd64-cygwin\jdk8u121\8372\hotspot\src\share\vm\prims\jvm.cpp, line 1390]
Event: 0.094 Thread 0x000000000211e000 Exception <a 'java/security/PrivilegedActionException'> (0x00000000d5edfe58) thrown at [C:\re\workspace\8-2-build-windows-amd64-cygwin\jdk8u121\8372\hotspot\src\share\vm\prims\jvm.cpp, line 1390]
Event: 0.094 Thread 0x000000000211e000 Exception <a 'java/lang/NullPointerException'> (0x00000000d5ee0430) thrown at [C:\re\workspace\8-2-build-windows-amd64-cygwin\jdk8u121\8372\hotspot\src\share\vm\interpreter\linkResolver.cpp, line 1178]
Event: 0.251 Thread 0x000000005ab30800 Exception <a 'java/lang/NullPointerException'> (0x00000000d68b8930) thrown at [C:\re\workspace\8-2-build-windows-amd64-cygwin\jdk8u121\8372\hotspot\src\share\vm\interpreter\linkResolver.cpp, line 1178]
Event: 0.251 Thread 0x000000005ab30800 Exception <a 'java/lang/NullPointerException'> (0x00000000d68b8930) thrown at [C:\re\workspace\8-2-build-windows-amd64-cygwin\jdk8u121\8372\hotspot\src\share\vm\prims\jvm.cpp, line 1394]
Event: 0.315 Thread 0x000000005ab30800 Implicit null exception at 0x0000000002a11325 to 0x0000000002a114f9

Events (10 events):
Event: 2.457 loading class org/mozilla/classfile/FieldOrMethodRef
Event: 2.457 loading class org/mozilla/classfile/FieldOrMethodRef done
Event: 2.485 loading class org/mozilla/javascript/optimizer/BodyCodegen
Event: 2.485 loading class org/mozilla/javascript/optimizer/BodyCodegen done
Event: 2.493 loading class org/mozilla/javascript/optimizer/BodyCodegen$ExceptionManager
Event: 2.493 loading class org/mozilla/javascript/optimizer/BodyCodegen$ExceptionManager done
Event: 2.495 loading class org/mozilla/classfile/ExceptionTableEntry
Event: 2.495 loading class org/mozilla/classfile/ExceptionTableEntry done
Event: 2.496 Executing VM operation: ParallelGCFailedAllocation
Event: 2.509 Executing VM operation: ParallelGCFailedAllocation done


Dynamic libraries:
0x000000013fec0000 - 0x000000013fef7000 	C:\Program Files\Java\jdk1.8.0_121\jre\bin\java.exe
0x00000000770e0000 - 0x000000007728a000 	C:\Windows\SYSTEM32\ntdll.dll
0x0000000076fc0000 - 0x00000000770df000 	C:\Windows\system32\kernel32.dll
0x000007fefcef0000 - 0x000007fefcf5a000 	C:\Windows\system32\KERNELBASE.dll
0x000007fefeba0000 - 0x000007fefec7b000 	C:\Windows\system32\ADVAPI32.dll
0x000007fefd1d0000 - 0x000007fefd26f000 	C:\Windows\system32\msvcrt.dll
0x000007fefed30000 - 0x000007fefed4f000 	C:\Windows\SYSTEM32\sechost.dll
0x000007fefee90000 - 0x000007fefefbd000 	C:\Windows\system32\RPCRT4.dll
0x0000000076ec0000 - 0x0000000076fba000 	C:\Windows\system32\USER32.dll
0x000007fefee20000 - 0x000007fefee87000 	C:\Windows\system32\GDI32.dll
0x000007fefe210000 - 0x000007fefe21e000 	C:\Windows\system32\LPK.dll
0x000007fefed50000 - 0x000007fefee1a000 	C:\Windows\system32\USP10.dll
0x000007fefb870000 - 0x000007fefba64000 	C:\Windows\WinSxS\amd64_microsoft.windows.common-controls_6595b64144ccf1df_6.0.7601.18837_none_fa3b1e3d17594757\COMCTL32.dll
0x000007fefe220000 - 0x000007fefe291000 	C:\Windows\system32\SHLWAPI.dll
0x000007fefeb70000 - 0x000007fefeb9e000 	C:\Windows\system32\IMM32.DLL
0x000007feff2e0000 - 0x000007feff3e9000 	C:\Windows\system32\MSCTF.dll
0x000000006fac0000 - 0x000000006fb92000 	C:\Program Files\Java\jdk1.8.0_121\jre\bin\msvcr100.dll
0x000000006fba0000 - 0x000000007043b000 	C:\Program Files\Java\jdk1.8.0_121\jre\bin\server\jvm.dll
0x000007fefbee0000 - 0x000007fefbee9000 	C:\Windows\system32\WSOCK32.dll
0x000007fefe630000 - 0x000007fefe67d000 	C:\Windows\system32\WS2_32.dll
0x000007fefec80000 - 0x000007fefec88000 	C:\Windows\system32\NSI.dll
0x000007fef97f0000 - 0x000007fef982b000 	C:\Windows\system32\WINMM.dll
0x000007fefbf00000 - 0x000007fefbf0c000 	C:\Windows\system32\VERSION.dll
0x00000000772b0000 - 0x00000000772b7000 	C:\Windows\system32\PSAPI.DLL
0x000000006fab0000 - 0x000000006fabf000 	C:\Program Files\Java\jdk1.8.0_121\jre\bin\verify.dll
0x000000006fa80000 - 0x000000006faa9000 	C:\Program Files\Java\jdk1.8.0_121\jre\bin\java.dll
0x000000006fa00000 - 0x000000006fa16000 	C:\Program Files\Java\jdk1.8.0_121\jre\bin\zip.dll
0x000007fefd270000 - 0x000007fefdffa000 	C:\Windows\system32\SHELL32.dll
0x000007fefe000000 - 0x000007fefe203000 	C:\Windows\system32\ole32.dll
0x000007fefce20000 - 0x000007fefce2f000 	C:\Windows\system32\profapi.dll
0x000007feeb500000 - 0x000007feeb5ef000 	C:\Program Files\Java\jdk1.8.0_121\jre\bin\msvcr120.dll
0x000007feefc60000 - 0x000007feefd06000 	C:\Program Files\Java\jdk1.8.0_121\jre\bin\msvcp120.dll
0x0000000074300000 - 0x0000000074322000 	C:\Program Files\Java\jdk1.8.0_121\jre\bin\prism_d3d.dll
0x000007fef0c60000 - 0x000007fef0e5f000 	C:\Windows\system32\d3d9.dll
0x000007fef84a0000 - 0x000007fef84a7000 	C:\Windows\system32\d3d8thk.dll
0x000007fefb020000 - 0x000007fefb038000 	C:\Windows\system32\dwmapi.dll
0x000007fefb400000 - 0x000007fefb456000 	C:\Windows\system32\uxtheme.dll
0x000007fef5f70000 - 0x000007fef60d2000 	C:\Windows\system32\aticfx64.dll
0x000007fef77c0000 - 0x000007fef77e1000 	C:\Windows\system32\atiu9p64.dll
0x000007feea540000 - 0x000007feead9a000 	C:\Windows\system32\atiumd64.dll
0x000000006bf10000 - 0x000000006c796000 	C:\Windows\system32\atiumd6a.dll
0x000007fefb790000 - 0x000007fefb7bc000 	C:\Windows\system32\POWRPROF.dll
0x000007feff0a0000 - 0x000007feff277000 	C:\Windows\system32\SETUPAPI.dll
0x000007fefd140000 - 0x000007fefd176000 	C:\Windows\system32\CFGMGR32.dll
0x000007fefefc0000 - 0x000007feff09a000 	C:\Windows\system32\OLEAUT32.dll
0x000007fefcfa0000 - 0x000007fefcfba000 	C:\Windows\system32\DEVOBJ.dll
0x0000000071380000 - 0x00000000713c3000 	C:\Program Files\Java\jdk1.8.0_121\jre\bin\glass.dll
0x000007fefe590000 - 0x000007fefe627000 	C:\Windows\system32\COMDLG32.dll
0x000007fefcc70000 - 0x000007fefcc7f000 	C:\Windows\system32\CRYPTBASE.dll
0x0000000073e70000 - 0x0000000073e84000 	C:\Program Files\Java\jdk1.8.0_121\jre\bin\javafx_font.dll
0x000007fef0260000 - 0x000007fef03f7000 	C:\Windows\system32\dwrite.dll
0x000007fefec90000 - 0x000007fefed29000 	C:\Windows\system32\CLBCatQ.DLL
0x000007fefa990000 - 0x000007fefaaf1000 	C:\Windows\system32\WindowsCodecs.dll
0x000007fefcc10000 - 0x000007fefcc67000 	C:\Windows\system32\apphelp.dll
0x000007fef5340000 - 0x000007fef557b000 	C:\PROGRA~1\MICROS~4\Office15\GROOVEEX.DLL
0x0000000074880000 - 0x0000000074918000 	C:\Windows\system32\MSVCP100.dll
0x0000000074a70000 - 0x0000000074a9b000 	C:\Windows\system32\ATL100.DLL
0x000007fef5c50000 - 0x000007fef5f6e000 	C:\Windows\system32\msi.dll
0x000007fef41a0000 - 0x000007fef47d9000 	C:\PROGRA~1\MICROS~4\Office15\1033\GrooveIntlResource.dll
0x000007fefb220000 - 0x000007fefb255000 	C:\Windows\system32\EhStorShell.dll
0x000007fefb5e0000 - 0x000007fefb70c000 	C:\Windows\system32\PROPSYS.dll
0x000007fefb060000 - 0x000007fefb0de000 	C:\Windows\System32\cscui.dll
0x000007fefbd20000 - 0x000007fefbd2c000 	C:\Windows\System32\CSCDLL.dll
0x000007fefba90000 - 0x000007fefba9f000 	C:\Windows\system32\CSCAPI.dll
0x000007fef9980000 - 0x000007fef9a00000 	C:\Windows\system32\ntshrui.dll
0x000007fefc890000 - 0x000007fefc8b3000 	C:\Windows\system32\srvcli.dll
0x000007fefab20000 - 0x000007fefab2b000 	C:\Windows\system32\slc.dll
0x000007fef7b20000 - 0x000007fef7b4d000 	C:\Program Files\Common Files\Microsoft Shared\Ink\rtscom.dll
0x0000000073e50000 - 0x0000000073e61000 	C:\Program Files\Java\jdk1.8.0_121\jre\bin\prism_common.dll

VM Arguments:
jvm_args: -Dfile.encoding=UTF-8 
java_command: C:\Users\SoftwareEngineer\Documents\NetBeansProjects\JavascriptDevil\dist\run1557872012\JavascriptDevil.jar
java_class_path (initial): C:\Users\SoftwareEngineer\Documents\NetBeansProjects\JavascriptDevil\dist\run1557872012\JavascriptDevil.jar
Launcher Type: SUN_STANDARD

Environment Variables:
PATH=C:\ProgramData\Oracle\Java\javapath;C:\Windows\system32;C:\Windows;C:\Windows\System32\Wbem;C:\Windows\System32\WindowsPowerShell\v1.0\;C:\Program Files\MySQL\MySQL Utilities 1.6\;C:\Program Files\Microsoft SQL Server\130\Tools\Binn\;C:\Program Files (x86)\GtkSharp\2.12\bin;C:\Program Files (x86)\AMD\ATI.ACE\Core-Static;C:\Windows\system32\config\systemprofile\.dnx\bin;C:\Program Files\Microsoft DNX\Dnvm\;C:\Program Files (x86)\Windows Kits\10\Windows Performance Toolkit\
USERNAME=SoftwareEngineer
OS=Windows_NT
PROCESSOR_IDENTIFIER=Intel64 Family 6 Model 60 Stepping 3, GenuineIntel



---------------  S Y S T E M  ---------------

OS: Windows 7 , 64 bit Build 7601 (6.1.7601.23572)

CPU:total 8 (4 cores per cpu, 2 threads per core) family 6 model 60 stepping 3, cmov, cx8, fxsr, mmx, sse, sse2, sse3, ssse3, sse4.1, sse4.2, popcnt, avx, avx2, aes, clmul, erms, rtm, lzcnt, ht, tsc, tscinvbit, bmi1, bmi2

Memory: 4k page, physical 8305672k(1369560k free), swap 10351812k(5292k free)

vm_info: Java HotSpot(TM) 64-Bit Server VM (25.121-b13) for windows-amd64 JRE (1.8.0_121-b13), built on Dec 12 2016 18:21:36 by "java_re" with MS VC++ 10.0 (VS2010)

time: Sat May 06 12:21:05 2017
elapsed time: 2 seconds (0d 0h 0m 2s)

