#
# There is insufficient memory for the Java Runtime Environment to continue.
# Native memory allocation (malloc) failed to allocate 761616 bytes for Chunk::new
# Possible reasons:
#   The system is out of physical RAM or swap space
#   In 32 bit mode, the process size limit was hit
# Possible solutions:
#   Reduce memory load on the system
#   Increase physical memory or swap space
#   Check if swap backing store is full
#   Use 64 bit Java on a 64 bit OS
#   Decrease Java heap size (-Xmx/-Xms)
#   Decrease number of Java threads
#   Decrease Java thread stack sizes (-Xss)
#   Set larger code cache with -XX:ReservedCodeCacheSize=
# This output file may be truncated or incomplete.
#
#  Out of Memory Error (allocation.cpp:390), pid=6740, tid=0x000000000000019c
#
# JRE version: Java(TM) SE Runtime Environment (8.0_121-b13) (build 1.8.0_121-b13)
# Java VM: Java HotSpot(TM) 64-Bit Server VM (25.121-b13 mixed mode windows-amd64 compressed oops)
# Failed to write core dump. Minidumps are not enabled by default on client versions of Windows
#

---------------  T H R E A D  ---------------

Current thread (0x0000000058a11000):  JavaThread "C2 CompilerThread2" daemon [_thread_in_native, id=412, stack(0x000000005a2f0000,0x000000005a3f0000)]

Stack: [0x000000005a2f0000,0x000000005a3f0000]
[error occurred during error reporting (printing stack bounds), id 0xc0000005]

Native frames: (J=compiled Java code, j=interpreted, Vv=VM code, C=native code)


Current CompileTask:
C2:  19109 3335   !   4       org.mozilla.javascript.gen.jshint_js_1::_c_statement_84 (2410 bytes)


---------------  P R O C E S S  ---------------

Java Threads: ( => current thread )
  0x000000005ab5e000 JavaThread "Prism Font Disposer" daemon [_thread_blocked, id=4004, stack(0x000000005f8a0000,0x000000005f9a0000)]
  0x000000005a888800 JavaThread "Thread-3" daemon [_thread_in_native, id=656, stack(0x000000005dcc0000,0x000000005ddc0000)]
  0x000000005a8ed800 JavaThread "JavaFX-Launcher" [_thread_blocked, id=5604, stack(0x000000005de90000,0x000000005df90000)]
  0x000000005a847800 JavaThread "JavaFX Application Thread" [_thread_in_Java, id=4176, stack(0x000000005bb90000,0x000000005bc90000)]
  0x000000005a846800 JavaThread "Thread-1" daemon [_thread_blocked, id=5124, stack(0x000000005b9a0000,0x000000005baa0000)]
  0x000000005a822000 JavaThread "QuantumRenderer-0" daemon [_thread_blocked, id=3980, stack(0x000000005b100000,0x000000005b200000)]
  0x0000000058a9f000 JavaThread "Service Thread" daemon [_thread_blocked, id=3200, stack(0x000000005a6b0000,0x000000005a7b0000)]
  0x0000000058a1b000 JavaThread "C1 CompilerThread3" daemon [_thread_blocked, id=4596, stack(0x000000005a590000,0x000000005a690000)]
=>0x0000000058a11000 JavaThread "C2 CompilerThread2" daemon [_thread_in_native, id=412, stack(0x000000005a2f0000,0x000000005a3f0000)]
  0x0000000058a0a000 JavaThread "C2 CompilerThread1" daemon [_thread_blocked, id=6372, stack(0x0000000059eb0000,0x0000000059fb0000)]
  0x0000000058a02800 JavaThread "C2 CompilerThread0" daemon [_thread_in_native, id=4328, stack(0x000000005a1c0000,0x000000005a2c0000)]
  0x00000000589ff800 JavaThread "Attach Listener" daemon [_thread_blocked, id=5556, stack(0x000000005a020000,0x000000005a120000)]
  0x00000000589fe800 JavaThread "Signal Dispatcher" daemon [_thread_blocked, id=1596, stack(0x0000000059da0000,0x0000000059ea0000)]
  0x0000000057a60000 JavaThread "Finalizer" daemon [_thread_blocked, id=2900, stack(0x0000000059c40000,0x0000000059d40000)]
  0x0000000057a59800 JavaThread "Reference Handler" daemon [_thread_blocked, id=6812, stack(0x0000000059b40000,0x0000000059c40000)]
  0x0000000001c4e000 JavaThread "main" [_thread_blocked, id=2168, stack(0x00000000023a0000,0x00000000024a0000)]

Other Threads:
  0x00000000589b2000 VMThread [stack: 0x0000000059a20000,0x0000000059b20000] [id=3280]
  0x0000000058a65000 WatcherThread [stack: 0x000000005a480000,0x000000005a580000] [id=2696]

VM state:not at safepoint (normal execution)

VM Mutex/Monitor currently owned by a thread: None

Heap:
 PSYoungGen      total 160768K, used 144594K [0x00000000d5c00000, 0x00000000e0680000, 0x0000000100000000)
  eden space 150016K, 96% used [0x00000000d5c00000,0x00000000de8a48e8,0x00000000dee80000)
  from space 10752K, 5% used [0x00000000dfc00000,0x00000000dfc90000,0x00000000e0680000)
  to   space 12288K, 0% used [0x00000000dee80000,0x00000000dee80000,0x00000000dfa80000)
 ParOldGen       total 67072K, used 25239K [0x0000000081400000, 0x0000000085580000, 0x00000000d5c00000)
  object space 67072K, 37% used [0x0000000081400000,0x0000000082ca5f58,0x0000000085580000)
 Metaspace       used 20621K, capacity 21480K, committed 21760K, reserved 1069056K
  class space    used 2540K, capacity 2736K, committed 2816K, reserved 1048576K

Card table byte_map: [0x0000000011b30000,0x0000000011f30000] byte_map_base: 0x0000000011726000

Marking Bits: (ParMarkBitMap*) 0x00000000703bb6d0
 Begin Bits: [0x0000000012d10000, 0x0000000014cc0000)
 End Bits:   [0x0000000014cc0000, 0x0000000016c70000)

Polling page: 0x0000000000240000

CodeCache: size=245760Kb used=19309Kb max_used=22243Kb free=226450Kb
 bounds [0x0000000002770000, 0x0000000003e40000, 0x0000000011770000]
 total_blobs=3344 nmethods=2662 adapters=593
 compilation: enabled

Compilation events (10 events):
Event: 18.519 Thread 0x0000000058a0a000 3331       4       org.mozilla.javascript.gen.jshint_js_1::_c_anonymous_206 (187 bytes)
Event: 18.541 Thread 0x0000000058a0a000 nmethod 3331 0x0000000003922fd0 code [0x0000000003923360, 0x0000000003924a18]
Event: 18.692 Thread 0x0000000058a1b000 3333       3       org.mozilla.javascript.gen.jshint_js_1::_c_anonymous_205 (187 bytes)
Event: 18.694 Thread 0x0000000058a1b000 nmethod 3333 0x0000000003199c90 code [0x000000000319a320, 0x000000000319d8c8]
Event: 18.694 Thread 0x0000000058a1b000 3332       3       org.mozilla.javascript.gen.jshint_js_1::_c_addlabel_30 (1801 bytes)
Event: 18.713 Thread 0x0000000058a1b000 nmethod 3332 0x00000000031c5890 code [0x00000000031c9720, 0x00000000031f15c8]
Event: 18.713 Thread 0x0000000058a1b000 3334       3       org.mozilla.javascript.gen.jshint_js_1::_c_setprop_128 (161 bytes)
Event: 18.715 Thread 0x0000000058a1b000 nmethod 3334 0x0000000003256d50 code [0x0000000003257440, 0x000000000325b378]
Event: 19.052 Thread 0x0000000058a11000 3335   !   4       org.mozilla.javascript.gen.jshint_js_1::_c_statement_84 (2410 bytes)
Event: 19.082 Thread 0x0000000058a02800 3336       4       org.mozilla.javascript.gen.jshint_js_1::_c_isReserved_572 (276 bytes)

GC Heap History (10 events):
Event: 17.659 GC heap before
{Heap before GC invocations=23 (full 1):
 PSYoungGen      total 162304K, used 150816K [0x00000000d5c00000, 0x00000000e0680000, 0x0000000100000000)
  eden space 150016K, 100% used [0x00000000d5c00000,0x00000000dee80000,0x00000000dee80000)
  from space 12288K, 6% used [0x00000000dee80000,0x00000000def48000,0x00000000dfa80000)
  to   space 10752K, 0% used [0x00000000dfc00000,0x00000000dfc00000,0x00000000e0680000)
 ParOldGen       total 67072K, used 23703K [0x0000000081400000, 0x0000000085580000, 0x00000000d5c00000)
  object space 67072K, 35% used [0x0000000081400000,0x0000000082b25f58,0x0000000085580000)
 Metaspace       used 20621K, capacity 21480K, committed 21760K, reserved 1069056K
  class space    used 2540K, capacity 2736K, committed 2816K, reserved 1048576K
Event: 17.661 GC heap after
Heap after GC invocations=23 (full 1):
 PSYoungGen      total 160768K, used 608K [0x00000000d5c00000, 0x00000000e0680000, 0x0000000100000000)
  eden space 150016K, 0% used [0x00000000d5c00000,0x00000000d5c00000,0x00000000dee80000)
  from space 10752K, 5% used [0x00000000dfc00000,0x00000000dfc98000,0x00000000e0680000)
  to   space 12288K, 0% used [0x00000000dee80000,0x00000000dee80000,0x00000000dfa80000)
 ParOldGen       total 67072K, used 24055K [0x0000000081400000, 0x0000000085580000, 0x00000000d5c00000)
  object space 67072K, 35% used [0x0000000081400000,0x0000000082b7df58,0x0000000085580000)
 Metaspace       used 20621K, capacity 21480K, committed 21760K, reserved 1069056K
  class space    used 2540K, capacity 2736K, committed 2816K, reserved 1048576K
}
Event: 17.945 GC heap before
{Heap before GC invocations=24 (full 1):
 PSYoungGen      total 160768K, used 150624K [0x00000000d5c00000, 0x00000000e0680000, 0x0000000100000000)
  eden space 150016K, 100% used [0x00000000d5c00000,0x00000000dee80000,0x00000000dee80000)
  from space 10752K, 5% used [0x00000000dfc00000,0x00000000dfc98000,0x00000000e0680000)
  to   space 12288K, 0% used [0x00000000dee80000,0x00000000dee80000,0x00000000dfa80000)
 ParOldGen       total 67072K, used 24055K [0x0000000081400000, 0x0000000085580000, 0x00000000d5c00000)
  object space 67072K, 35% used [0x0000000081400000,0x0000000082b7df58,0x0000000085580000)
 Metaspace       used 20621K, capacity 21480K, committed 21760K, reserved 1069056K
  class space    used 2540K, capacity 2736K, committed 2816K, reserved 1048576K
Event: 17.946 GC heap after
Heap after GC invocations=24 (full 1):
 PSYoungGen      total 162304K, used 384K [0x00000000d5c00000, 0x00000000e0680000, 0x0000000100000000)
  eden space 150016K, 0% used [0x00000000d5c00000,0x00000000d5c00000,0x00000000dee80000)
  from space 12288K, 3% used [0x00000000dee80000,0x00000000deee0000,0x00000000dfa80000)
  to   space 10752K, 0% used [0x00000000dfc00000,0x00000000dfc00000,0x00000000e0680000)
 ParOldGen       total 67072K, used 24343K [0x0000000081400000, 0x0000000085580000, 0x00000000d5c00000)
  object space 67072K, 36% used [0x0000000081400000,0x0000000082bc5f58,0x0000000085580000)
 Metaspace       used 20621K, capacity 21480K, committed 21760K, reserved 1069056K
  class space    used 2540K, capacity 2736K, committed 2816K, reserved 1048576K
}
Event: 18.232 GC heap before
{Heap before GC invocations=25 (full 1):
 PSYoungGen      total 162304K, used 150400K [0x00000000d5c00000, 0x00000000e0680000, 0x0000000100000000)
  eden space 150016K, 100% used [0x00000000d5c00000,0x00000000dee80000,0x00000000dee80000)
  from space 12288K, 3% used [0x00000000dee80000,0x00000000deee0000,0x00000000dfa80000)
  to   space 10752K, 0% used [0x00000000dfc00000,0x00000000dfc00000,0x00000000e0680000)
 ParOldGen       total 67072K, used 24343K [0x0000000081400000, 0x0000000085580000, 0x00000000d5c00000)
  object space 67072K, 36% used [0x0000000081400000,0x0000000082bc5f58,0x0000000085580000)
 Metaspace       used 20621K, capacity 21480K, committed 21760K, reserved 1069056K
  class space    used 2540K, capacity 2736K, committed 2816K, reserved 1048576K
Event: 18.273 GC heap after
Heap after GC invocations=25 (full 1):
 PSYoungGen      total 160768K, used 1248K [0x00000000d5c00000, 0x00000000e0680000, 0x0000000100000000)
  eden space 150016K, 0% used [0x00000000d5c00000,0x00000000d5c00000,0x00000000dee80000)
  from space 10752K, 11% used [0x00000000dfc00000,0x00000000dfd38000,0x00000000e0680000)
  to   space 12288K, 0% used [0x00000000dee80000,0x00000000dee80000,0x00000000dfa80000)
 ParOldGen       total 67072K, used 24639K [0x0000000081400000, 0x0000000085580000, 0x00000000d5c00000)
  object space 67072K, 36% used [0x0000000081400000,0x0000000082c0ff58,0x0000000085580000)
 Metaspace       used 20621K, capacity 21480K, committed 21760K, reserved 1069056K
  class space    used 2540K, capacity 2736K, committed 2816K, reserved 1048576K
}
Event: 18.551 GC heap before
{Heap before GC invocations=26 (full 1):
 PSYoungGen      total 160768K, used 151264K [0x00000000d5c00000, 0x00000000e0680000, 0x0000000100000000)
  eden space 150016K, 100% used [0x00000000d5c00000,0x00000000dee80000,0x00000000dee80000)
  from space 10752K, 11% used [0x00000000dfc00000,0x00000000dfd38000,0x00000000e0680000)
  to   space 12288K, 0% used [0x00000000dee80000,0x00000000dee80000,0x00000000dfa80000)
 ParOldGen       total 67072K, used 24639K [0x0000000081400000, 0x0000000085580000, 0x00000000d5c00000)
  object space 67072K, 36% used [0x0000000081400000,0x0000000082c0ff58,0x0000000085580000)
 Metaspace       used 20621K, capacity 21480K, committed 21760K, reserved 1069056K
  class space    used 2540K, capacity 2736K, committed 2816K, reserved 1048576K
Event: 18.553 GC heap after
Heap after GC invocations=26 (full 1):
 PSYoungGen      total 162304K, used 352K [0x00000000d5c00000, 0x00000000e0680000, 0x0000000100000000)
  eden space 150016K, 0% used [0x00000000d5c00000,0x00000000d5c00000,0x00000000dee80000)
  from space 12288K, 2% used [0x00000000dee80000,0x00000000deed8000,0x00000000dfa80000)
  to   space 10752K, 0% used [0x00000000dfc00000,0x00000000dfc00000,0x00000000e0680000)
 ParOldGen       total 67072K, used 24983K [0x0000000081400000, 0x0000000085580000, 0x00000000d5c00000)
  object space 67072K, 37% used [0x0000000081400000,0x0000000082c65f58,0x0000000085580000)
 Metaspace       used 20621K, capacity 21480K, committed 21760K, reserved 1069056K
  class space    used 2540K, capacity 2736K, committed 2816K, reserved 1048576K
}
Event: 18.832 GC heap before
{Heap before GC invocations=27 (full 1):
 PSYoungGen      total 162304K, used 150368K [0x00000000d5c00000, 0x00000000e0680000, 0x0000000100000000)
  eden space 150016K, 100% used [0x00000000d5c00000,0x00000000dee80000,0x00000000dee80000)
  from space 12288K, 2% used [0x00000000dee80000,0x00000000deed8000,0x00000000dfa80000)
  to   space 10752K, 0% used [0x00000000dfc00000,0x00000000dfc00000,0x00000000e0680000)
 ParOldGen       total 67072K, used 24983K [0x0000000081400000, 0x0000000085580000, 0x00000000d5c00000)
  object space 67072K, 37% used [0x0000000081400000,0x0000000082c65f58,0x0000000085580000)
 Metaspace       used 20621K, capacity 21480K, committed 21760K, reserved 1069056K
  class space    used 2540K, capacity 2736K, committed 2816K, reserved 1048576K
Event: 18.834 GC heap after
Heap after GC invocations=27 (full 1):
 PSYoungGen      total 160768K, used 576K [0x00000000d5c00000, 0x00000000e0680000, 0x0000000100000000)
  eden space 150016K, 0% used [0x00000000d5c00000,0x00000000d5c00000,0x00000000dee80000)
  from space 10752K, 5% used [0x00000000dfc00000,0x00000000dfc90000,0x00000000e0680000)
  to   space 12288K, 0% used [0x00000000dee80000,0x00000000dee80000,0x00000000dfa80000)
 ParOldGen       total 67072K, used 25239K [0x0000000081400000, 0x0000000085580000, 0x00000000d5c00000)
  object space 67072K, 37% used [0x0000000081400000,0x0000000082ca5f58,0x0000000085580000)
 Metaspace       used 20621K, capacity 21480K, committed 21760K, reserved 1069056K
  class space    used 2540K, capacity 2736K, committed 2816K, reserved 1048576K
}

Deoptimization events (10 events):
Event: 14.778 Thread 0x000000005a847800 Uncommon trap: reason=class_check action=maybe_recompile pc=0x0000000002b04978 method=org.mozilla.javascript.ScriptRuntime.enumNext(Ljava/lang/Object;)Ljava/lang/Boolean; @ 234
Event: 14.778 Thread 0x000000005a847800 Uncommon trap: reason=class_check action=maybe_recompile pc=0x00000000037495c0 method=org.mozilla.javascript.NativeObject.execIdCall(Lorg/mozilla/javascript/IdFunctionObject;Lorg/mozilla/javascript/Context;Lorg/mozilla/javascript/Scriptable;Lorg/mozilla/j
Event: 14.800 Thread 0x000000005a847800 Uncommon trap: reason=class_check action=maybe_recompile pc=0x0000000003255588 method=org.mozilla.javascript.ConsString.<init>(Ljava/lang/CharSequence;Ljava/lang/CharSequence;)V @ 22
Event: 15.199 Thread 0x000000005a847800 Uncommon trap: reason=unstable_if action=reinterpret pc=0x00000000036b85c8 method=org.mozilla.javascript.ScriptRuntime.eq(Ljava/lang/Object;Ljava/lang/Object;)Z @ 8
Event: 15.226 Thread 0x000000005a847800 Uncommon trap: reason=unstable_if action=reinterpret pc=0x00000000039e2660 method=org.mozilla.javascript.gen.jshint_js_1._c_anonymous_552(Lorg/mozilla/javascript/gen/jshint_js_1;Lorg/mozilla/javascript/Context;Lorg/mozilla/javascript/Scriptable;Lorg/mozil
Event: 15.737 Thread 0x000000005a847800 Uncommon trap: reason=unstable_if action=reinterpret pc=0x00000000034b63d4 method=org.mozilla.javascript.NativeObject.findPrototypeId(Ljava/lang/String;)I @ 169
Event: 15.745 Thread 0x000000005a847800 Uncommon trap: reason=unstable_if action=reinterpret pc=0x0000000003931e30 method=org.mozilla.javascript.optimizer.OptRuntime.wrapDouble(D)Ljava/lang/Double; @ 43
Event: 15.745 Thread 0x000000005a847800 Uncommon trap: reason=class_check action=maybe_recompile pc=0x0000000002b4763c method=org.mozilla.javascript.BaseFunction.construct(Lorg/mozilla/javascript/Context;Lorg/mozilla/javascript/Scriptable;[Ljava/lang/Object;)Lorg/mozilla/javascript/Scriptable; 
Event: 15.753 Thread 0x000000005a847800 Uncommon trap: reason=unstable_if action=reinterpret pc=0x00000000036978fc method=org.mozilla.javascript.optimizer.OptRuntime.wrapDouble(D)Ljava/lang/Double; @ 43
Event: 15.753 Thread 0x000000005a847800 Uncommon trap: reason=class_check action=maybe_recompile pc=0x0000000002b4763c method=org.mozilla.javascript.BaseFunction.construct(Lorg/mozilla/javascript/Context;Lorg/mozilla/javascript/Scriptable;[Ljava/lang/Object;)Lorg/mozilla/javascript/Scriptable; 

Internal exceptions (10 events):
Event: 0.097 Thread 0x0000000001c4e000 Exception <a 'java/security/PrivilegedActionException'> (0x00000000d5edbb28) thrown at [C:\re\workspace\8-2-build-windows-amd64-cygwin\jdk8u121\8372\hotspot\src\share\vm\prims\jvm.cpp, line 1390]
Event: 0.097 Thread 0x0000000001c4e000 Exception <a 'java/security/PrivilegedActionException'> (0x00000000d5edbd38) thrown at [C:\re\workspace\8-2-build-windows-amd64-cygwin\jdk8u121\8372\hotspot\src\share\vm\prims\jvm.cpp, line 1390]
Event: 0.097 Thread 0x0000000001c4e000 Exception <a 'java/security/PrivilegedActionException'> (0x00000000d5edfc48) thrown at [C:\re\workspace\8-2-build-windows-amd64-cygwin\jdk8u121\8372\hotspot\src\share\vm\prims\jvm.cpp, line 1390]
Event: 0.097 Thread 0x0000000001c4e000 Exception <a 'java/security/PrivilegedActionException'> (0x00000000d5edfe58) thrown at [C:\re\workspace\8-2-build-windows-amd64-cygwin\jdk8u121\8372\hotspot\src\share\vm\prims\jvm.cpp, line 1390]
Event: 0.097 Thread 0x0000000001c4e000 Exception <a 'java/lang/NullPointerException'> (0x00000000d5ee0430) thrown at [C:\re\workspace\8-2-build-windows-amd64-cygwin\jdk8u121\8372\hotspot\src\share\vm\interpreter\linkResolver.cpp, line 1178]
Event: 0.255 Thread 0x000000005a847800 Exception <a 'java/lang/NullPointerException'> (0x00000000d68b8c80) thrown at [C:\re\workspace\8-2-build-windows-amd64-cygwin\jdk8u121\8372\hotspot\src\share\vm\interpreter\linkResolver.cpp, line 1178]
Event: 0.255 Thread 0x000000005a847800 Exception <a 'java/lang/NullPointerException'> (0x00000000d68b8c80) thrown at [C:\re\workspace\8-2-build-windows-amd64-cygwin\jdk8u121\8372\hotspot\src\share\vm\prims\jvm.cpp, line 1394]
Event: 0.318 Thread 0x000000005a847800 Implicit null exception at 0x00000000029be1e5 to 0x00000000029be3b1
Event: 11.972 Thread 0x000000005a847800 Implicit null exception at 0x0000000002f3fda2 to 0x0000000002f4004d
Event: 12.182 Thread 0x000000005a847800 Implicit null exception at 0x000000000304bd47 to 0x000000000304c10d

Events (10 events):
Event: 17.741 Thread 0x0000000058a1b000 flushing nmethod 0x0000000003ae2610
Event: 17.741 Thread 0x0000000058a1b000 flushing nmethod 0x0000000003af5890
Event: 17.944 Executing VM operation: ParallelGCFailedAllocation
Event: 17.946 Executing VM operation: ParallelGCFailedAllocation done
Event: 18.232 Executing VM operation: ParallelGCFailedAllocation
Event: 18.273 Executing VM operation: ParallelGCFailedAllocation done
Event: 18.551 Executing VM operation: ParallelGCFailedAllocation
Event: 18.553 Executing VM operation: ParallelGCFailedAllocation done
Event: 18.832 Executing VM operation: ParallelGCFailedAllocation
Event: 18.834 Executing VM operation: ParallelGCFailedAllocation done


Dynamic libraries:
0x000000013fec0000 - 0x000000013fef7000 	C:\Program Files\Java\jdk1.8.0_121\jre\bin\java.exe
0x00000000770e0000 - 0x000000007728a000 	C:\Windows\SYSTEM32\ntdll.dll
0x0000000076fc0000 - 0x00000000770df000 	C:\Windows\system32\kernel32.dll
0x000007fefcef0000 - 0x000007fefcf5a000 	C:\Windows\system32\KERNELBASE.dll
0x000007fefeba0000 - 0x000007fefec7b000 	C:\Windows\system32\ADVAPI32.dll
0x000007fefd1d0000 - 0x000007fefd26f000 	C:\Windows\system32\msvcrt.dll
0x000007fefed30000 - 0x000007fefed4f000 	C:\Windows\SYSTEM32\sechost.dll
0x000007fefee90000 - 0x000007fefefbd000 	C:\Windows\system32\RPCRT4.dll
0x0000000076ec0000 - 0x0000000076fba000 	C:\Windows\system32\USER32.dll
0x000007fefee20000 - 0x000007fefee87000 	C:\Windows\system32\GDI32.dll
0x000007fefe210000 - 0x000007fefe21e000 	C:\Windows\system32\LPK.dll
0x000007fefed50000 - 0x000007fefee1a000 	C:\Windows\system32\USP10.dll
0x000007fefb870000 - 0x000007fefba64000 	C:\Windows\WinSxS\amd64_microsoft.windows.common-controls_6595b64144ccf1df_6.0.7601.18837_none_fa3b1e3d17594757\COMCTL32.dll
0x000007fefe220000 - 0x000007fefe291000 	C:\Windows\system32\SHLWAPI.dll
0x000007fefeb70000 - 0x000007fefeb9e000 	C:\Windows\system32\IMM32.DLL
0x000007feff2e0000 - 0x000007feff3e9000 	C:\Windows\system32\MSCTF.dll
0x000000006fac0000 - 0x000000006fb92000 	C:\Program Files\Java\jdk1.8.0_121\jre\bin\msvcr100.dll
0x000000006fba0000 - 0x000000007043b000 	C:\Program Files\Java\jdk1.8.0_121\jre\bin\server\jvm.dll
0x000007fefbee0000 - 0x000007fefbee9000 	C:\Windows\system32\WSOCK32.dll
0x000007fefe630000 - 0x000007fefe67d000 	C:\Windows\system32\WS2_32.dll
0x000007fefec80000 - 0x000007fefec88000 	C:\Windows\system32\NSI.dll
0x000007fef97f0000 - 0x000007fef982b000 	C:\Windows\system32\WINMM.dll
0x000007fefbf00000 - 0x000007fefbf0c000 	C:\Windows\system32\VERSION.dll
0x00000000772b0000 - 0x00000000772b7000 	C:\Windows\system32\PSAPI.DLL
0x000000006fab0000 - 0x000000006fabf000 	C:\Program Files\Java\jdk1.8.0_121\jre\bin\verify.dll
0x000000006fa80000 - 0x000000006faa9000 	C:\Program Files\Java\jdk1.8.0_121\jre\bin\java.dll
0x000000006fa00000 - 0x000000006fa16000 	C:\Program Files\Java\jdk1.8.0_121\jre\bin\zip.dll
0x000007fefd270000 - 0x000007fefdffa000 	C:\Windows\system32\SHELL32.dll
0x000007fefe000000 - 0x000007fefe203000 	C:\Windows\system32\ole32.dll
0x000007fefce20000 - 0x000007fefce2f000 	C:\Windows\system32\profapi.dll
0x000007feeb500000 - 0x000007feeb5ef000 	C:\Program Files\Java\jdk1.8.0_121\jre\bin\msvcr120.dll
0x000007feefc60000 - 0x000007feefd06000 	C:\Program Files\Java\jdk1.8.0_121\jre\bin\msvcp120.dll
0x0000000074300000 - 0x0000000074322000 	C:\Program Files\Java\jdk1.8.0_121\jre\bin\prism_d3d.dll
0x000007fef0c60000 - 0x000007fef0e5f000 	C:\Windows\system32\d3d9.dll
0x000007fef84a0000 - 0x000007fef84a7000 	C:\Windows\system32\d3d8thk.dll
0x000007fefb020000 - 0x000007fefb038000 	C:\Windows\system32\dwmapi.dll
0x000007fefb400000 - 0x000007fefb456000 	C:\Windows\system32\uxtheme.dll
0x000007fef5f70000 - 0x000007fef60d2000 	C:\Windows\system32\aticfx64.dll
0x000007fef77c0000 - 0x000007fef77e1000 	C:\Windows\system32\atiu9p64.dll
0x000007feea540000 - 0x000007feead9a000 	C:\Windows\system32\atiumd64.dll
0x000000006bf10000 - 0x000000006c796000 	C:\Windows\system32\atiumd6a.dll
0x000007fefb790000 - 0x000007fefb7bc000 	C:\Windows\system32\POWRPROF.dll
0x000007feff0a0000 - 0x000007feff277000 	C:\Windows\system32\SETUPAPI.dll
0x000007fefd140000 - 0x000007fefd176000 	C:\Windows\system32\CFGMGR32.dll
0x000007fefefc0000 - 0x000007feff09a000 	C:\Windows\system32\OLEAUT32.dll
0x000007fefcfa0000 - 0x000007fefcfba000 	C:\Windows\system32\DEVOBJ.dll
0x0000000071380000 - 0x00000000713c3000 	C:\Program Files\Java\jdk1.8.0_121\jre\bin\glass.dll
0x000007fefe590000 - 0x000007fefe627000 	C:\Windows\system32\COMDLG32.dll
0x000007fefcc70000 - 0x000007fefcc7f000 	C:\Windows\system32\CRYPTBASE.dll
0x0000000073e70000 - 0x0000000073e84000 	C:\Program Files\Java\jdk1.8.0_121\jre\bin\javafx_font.dll
0x000007fef0260000 - 0x000007fef03f7000 	C:\Windows\system32\dwrite.dll
0x000007fefec90000 - 0x000007fefed29000 	C:\Windows\system32\CLBCatQ.DLL
0x000007fefa990000 - 0x000007fefaaf1000 	C:\Windows\system32\WindowsCodecs.dll
0x000007fefcc10000 - 0x000007fefcc67000 	C:\Windows\system32\apphelp.dll
0x000007fef5340000 - 0x000007fef557b000 	C:\PROGRA~1\MICROS~4\Office15\GROOVEEX.DLL
0x0000000074880000 - 0x0000000074918000 	C:\Windows\system32\MSVCP100.dll
0x0000000074a70000 - 0x0000000074a9b000 	C:\Windows\system32\ATL100.DLL
0x000007fef5c50000 - 0x000007fef5f6e000 	C:\Windows\system32\msi.dll
0x000007fef41a0000 - 0x000007fef47d9000 	C:\PROGRA~1\MICROS~4\Office15\1033\GrooveIntlResource.dll
0x000007fefb220000 - 0x000007fefb255000 	C:\Windows\system32\EhStorShell.dll
0x000007fefb5e0000 - 0x000007fefb70c000 	C:\Windows\system32\PROPSYS.dll
0x000007fefb060000 - 0x000007fefb0de000 	C:\Windows\System32\cscui.dll
0x000007fefbd20000 - 0x000007fefbd2c000 	C:\Windows\System32\CSCDLL.dll
0x000007fefba90000 - 0x000007fefba9f000 	C:\Windows\system32\CSCAPI.dll
0x000007fef9980000 - 0x000007fef9a00000 	C:\Windows\system32\ntshrui.dll
0x000007fefc890000 - 0x000007fefc8b3000 	C:\Windows\system32\srvcli.dll
0x000007fefab20000 - 0x000007fefab2b000 	C:\Windows\system32\slc.dll
0x000007fef7b20000 - 0x000007fef7b4d000 	C:\Program Files\Common Files\Microsoft Shared\Ink\rtscom.dll
0x0000000073e50000 - 0x0000000073e61000 	C:\Program Files\Java\jdk1.8.0_121\jre\bin\prism_common.dll
0x000007fefaff0000 - 0x000007fefb01d000 	C:\Windows\system32\ntmarta.dll
0x000007feff280000 - 0x000007feff2d2000 	C:\Windows\system32\WLDAP32.dll
0x000007fefafb0000 - 0x000007fefafe5000 	C:\Windows\system32\XmlLite.dll
0x000007fefba70000 - 0x000007fefba7c000 	C:\Windows\system32\LINKINFO.dll
0x000007fefc610000 - 0x000007fefc628000 	C:\Windows\system32\CRYPTSP.dll
0x000007fefc310000 - 0x000007fefc357000 	C:\Windows\system32\rsaenh.dll
0x000007fefcd60000 - 0x000007fefcd74000 	C:\Windows\system32\RpcRtRemote.dll
0x000007fef9280000 - 0x000007fef92ff000 	C:\Program Files\Common Files\microsoft shared\ink\tiptsf.dll
0x000007fef9390000 - 0x000007fef955a000 	C:\Windows\system32\explorerframe.dll
0x000007fefbaa0000 - 0x000007fefbae3000 	C:\Windows\system32\DUser.dll
0x000007fefb0e0000 - 0x000007fefb1d2000 	C:\Windows\system32\DUI70.dll
0x000007fefa480000 - 0x000007fefa4c2000 	C:\Windows\system32\msls31.dll
0x000007fee92e0000 - 0x000007fee935b000 	C:\Windows\System32\StructuredQuery.dll
0x000007fefca10000 - 0x000007fefca1b000 	C:\Windows\System32\Secur32.dll
0x000007fefcbe0000 - 0x000007fefcc05000 	C:\Windows\system32\SSPICLI.DLL
0x000007fef6160000 - 0x000007fef624e000 	C:\Windows\system32\actxprxy.dll
0x000007fef1300000 - 0x000007fef13ba000 	C:\Program Files\Internet Explorer\ieproxy.dll
0x000007fefce40000 - 0x000007fefce44000 	C:\Windows\system32\api-ms-win-downlevel-shlwapi-l1-1-0.dll
0x000007fef98b0000 - 0x000007fef98b4000 	C:\Windows\system32\api-ms-win-downlevel-shlwapi-l2-1-0.dll
0x000007fefd180000 - 0x000007fefd185000 	C:\Windows\system32\api-ms-win-downlevel-advapi32-l1-1-0.dll
0x000007fefbe00000 - 0x000007fefbe18000 	C:\Windows\system32\MPR.dll
0x000007fef8eb0000 - 0x000007fef8eba000 	C:\Windows\System32\drprov.dll
0x000007fefcc80000 - 0x000007fefccbd000 	C:\Windows\System32\WINSTA.dll
0x000007fef1100000 - 0x000007fef1122000 	C:\Windows\System32\ntlanman.dll
0x000007fef10e0000 - 0x000007fef10fe000 	C:\Windows\System32\davclnt.dll
0x000007fef8480000 - 0x000007fef848a000 	C:\Windows\System32\DAVHLPR.dll
0x000007fefadb0000 - 0x000007fefadc5000 	C:\Windows\system32\wkscli.dll
0x000007fefadd0000 - 0x000007fefaddc000 	C:\Windows\system32\netutils.dll
0x000007fef7640000 - 0x000007fef765f000 	C:\Windows\system32\thumbcache.dll
0x000007fef78c0000 - 0x000007fef797d000 	C:\Windows\system32\PortableDeviceApi.dll
0x000007fefcf60000 - 0x000007fefcf9b000 	C:\Windows\system32\WINTRUST.dll
0x000007fefcfc0000 - 0x000007fefd12d000 	C:\Windows\system32\CRYPT32.dll
0x000007fefce10000 - 0x000007fefce1f000 	C:\Windows\system32\MSASN1.dll
0x000007fefa770000 - 0x000007fefa7a4000 	C:\Windows\system32\SHDOCVW.dll
0x000007fef19d0000 - 0x000007fef2864000 	C:\Windows\system32\ieframe.DLL
0x000007fefd1c0000 - 0x000007fefd1c4000 	C:\Windows\system32\api-ms-win-downlevel-user32-l1-1-0.dll
0x000007fef76c0000 - 0x000007fef76c4000 	C:\Windows\system32\api-ms-win-downlevel-shell32-l1-1-0.dll
0x000007fefd190000 - 0x000007fefd194000 	C:\Windows\system32\api-ms-win-downlevel-version-l1-1-0.dll
0x000007fefce30000 - 0x000007fefce33000 	C:\Windows\system32\api-ms-win-downlevel-normaliz-l1-1-0.dll
0x00000000772a0000 - 0x00000000772a3000 	C:\Windows\system32\normaliz.DLL
0x000007fefe2a0000 - 0x000007fefe56a000 	C:\Windows\system32\iertutil.dll
0x000007fef8990000 - 0x000007fef89b7000 	C:\Windows\system32\EhStorAPI.dll
0x000007fef37c0000 - 0x000007fef3897000 	C:\Windows\system32\SearchFolder.dll
0x000007fefa360000 - 0x000007fefa374000 	C:\Windows\system32\samcli.dll
0x000007fefb490000 - 0x000007fefb4ad000 	C:\Windows\system32\SAMLIB.dll
0x000007fef3410000 - 0x000007fef35ac000 	C:\Windows\system32\NetworkExplorer.dll
0x000007fef74d0000 - 0x000007fef752d000 	C:\Windows\system32\zipfldr.dll

VM Arguments:
jvm_args: -Dfile.encoding=UTF-8 
java_command: C:\Users\SoftwareEngineer\Documents\NetBeansProjects\JavascriptDevil\dist\run1294653692\JavascriptDevil.jar
java_class_path (initial): C:\Users\SoftwareEngineer\Documents\NetBeansProjects\JavascriptDevil\dist\run1294653692\JavascriptDevil.jar
Launcher Type: SUN_STANDARD

Environment Variables:
PATH=C:\ProgramData\Oracle\Java\javapath;C:\Windows\system32;C:\Windows;C:\Windows\System32\Wbem;C:\Windows\System32\WindowsPowerShell\v1.0\;C:\Program Files\MySQL\MySQL Utilities 1.6\;C:\Program Files\Microsoft SQL Server\130\Tools\Binn\;C:\Program Files (x86)\GtkSharp\2.12\bin;C:\Program Files (x86)\AMD\ATI.ACE\Core-Static;C:\Windows\system32\config\systemprofile\.dnx\bin;C:\Program Files\Microsoft DNX\Dnvm\;C:\Program Files (x86)\Windows Kits\10\Windows Performance Toolkit\
USERNAME=SoftwareEngineer
OS=Windows_NT
PROCESSOR_IDENTIFIER=Intel64 Family 6 Model 60 Stepping 3, GenuineIntel



---------------  S Y S T E M  ---------------

OS: Windows 7 , 64 bit Build 7601 (6.1.7601.23572)

CPU:total 8 (4 cores per cpu, 2 threads per core) family 6 model 60 stepping 3, cmov, cx8, fxsr, mmx, sse, sse2, sse3, ssse3, sse4.1, sse4.2, popcnt, avx, avx2, aes, clmul, erms, rtm, lzcnt, ht, tsc, tscinvbit, bmi1, bmi2

Memory: 4k page, physical 8305672k(1334628k free), swap 10351812k(5460k free)

vm_info: Java HotSpot(TM) 64-Bit Server VM (25.121-b13) for windows-amd64 JRE (1.8.0_121-b13), built on Dec 12 2016 18:21:36 by "java_re" with MS VC++ 10.0 (VS2010)

time: Sat May 06 12:22:26 2017
elapsed time: 19 seconds (0d 0h 0m 19s)

