JvmtiExport can_access_local_variables 0
JvmtiExport can_hotswap_or_post_breakpoint 0
JvmtiExport can_post_on_exceptions 0
# 116 ciObject found
instanceKlass com/sun/javafx/tk/quantum/PaintCollector$$Lambda$151
instanceKlass com/sun/javafx/tk/quantum/PaintCollector$$Lambda$150
instanceKlass com/sun/javafx/geom/transform/TransformHelper
instanceKlass javafx/scene/Node$$Lambda$149
instanceKlass java/util/EnumMap$EnumMapIterator
instanceKlass com/sun/javafx/scene/input/PickResultChooser
instanceKlass com/sun/javafx/geom/PickRay
instanceKlass com/sun/javafx/scene/input/InputEventUtils
instanceKlass javafx/scene/input/PickResult
instanceKlass javafx/scene/input/MouseEvent$Flags
instanceKlass com/sun/javafx/tk/quantum/GlassViewEventHandler$$Lambda$148
instanceKlass com/sun/scenario/effect/impl/BufferUtil$$Lambda$147
instanceKlass com/sun/scenario/effect/impl/BufferUtil
instanceKlass com/sun/scenario/effect/impl/state/BoxRenderState$1
instanceKlass com/sun/javafx/sg/prism/NodeEffectInput$1
instanceKlass com/sun/scenario/effect/impl/state/LinearConvolveRenderState$$Lambda$146
instanceKlass java/lang/invoke/LambdaForm$DMH
instanceKlass com/sun/scenario/effect/impl/prism/PrRenderInfo
instanceKlass com/sun/scenario/effect/ImageDataRenderer
instanceKlass com/sun/prism/shader/FillPgram_LinearGradient_PAD_Loader
instanceKlass com/sun/scenario/effect/impl/prism/PrEffectHelper
instanceKlass com/sun/javafx/geom/transform/AffineBase$1
instanceKlass com/sun/scenario/effect/ImageData$$Lambda$145
instanceKlass com/sun/scenario/effect/impl/prism/ps/PPSRenderer$1
instanceKlass com/sun/scenario/effect/impl/ImagePool$$Lambda$144
instanceKlass com/sun/scenario/effect/impl/ImagePool
instanceKlass com/sun/scenario/effect/impl/hw/d3d/D3DShaderSource
instanceKlass com/sun/scenario/effect/impl/hw/ShaderSource
instanceKlass com/sun/scenario/effect/FloatMap
instanceKlass com/sun/scenario/effect/ImageData
instanceKlass com/sun/scenario/effect/impl/EffectPeer
instanceKlass com/sun/prism/ResourceFactoryListener
instanceKlass com/sun/prism/d3d/D3DPipeline$1
instanceKlass com/sun/scenario/effect/impl/prism/PrTexture
instanceKlass com/sun/scenario/effect/impl/PoolFilterable
instanceKlass com/sun/scenario/effect/impl/RendererFactory$$Lambda$143
instanceKlass com/sun/scenario/effect/impl/RendererFactory
instanceKlass com/sun/scenario/effect/impl/Renderer$$Lambda$142
instanceKlass com/sun/scenario/effect/impl/Renderer
instanceKlass com/sun/javafx/geom/transform/Affine2D$1
instanceKlass com/sun/prism/impl/GlyphCache$GlyphData
instanceKlass com/sun/prism/shader/Solid_TextureSecondPassLCD_Loader
instanceKlass com/sun/prism/shader/Solid_TextureFirstPassLCD_Loader
instanceKlass com/sun/prism/impl/GlyphCache
instanceKlass com/sun/prism/PrinterGraphics
instanceKlass com/sun/prism/shader/Solid_TextureRGB_Loader
instanceKlass com/sun/prism/MultiTexture
instanceKlass java/util/Collections$UnmodifiableList$1
instanceKlass com/sun/prism/impl/ps/BaseShaderContext$1
instanceKlass com/sun/prism/shader/Texture_LinearGradient_PAD_Loader
instanceKlass javafx/scene/image/PixelFormat
instanceKlass com/sun/prism/Image$Accessor
instanceKlass com/sun/prism/Image
instanceKlass com/sun/prism/impl/BufferUtil$$Lambda$141
instanceKlass com/sun/prism/impl/BufferUtil
instanceKlass com/sun/prism/impl/ps/PaintHelper
instanceKlass com/sun/prism/d3d/D3DTexture$1
instanceKlass com/sun/javafx/geom/Path2D$Iterator
instanceKlass com/sun/prism/paint/Stop
instanceKlass com/sun/javafx/image/impl/BaseByteToByteConverter
instanceKlass com/sun/javafx/image/impl/ByteGray$Accessor
instanceKlass com/sun/javafx/image/BytePixelAccessor
instanceKlass com/sun/javafx/image/ByteToBytePixelConverter
instanceKlass com/sun/javafx/image/PixelConverter
instanceKlass com/sun/javafx/image/BytePixelSetter
instanceKlass com/sun/javafx/image/PixelSetter
instanceKlass com/sun/javafx/image/BytePixelGetter
instanceKlass com/sun/javafx/image/PixelGetter
instanceKlass com/sun/javafx/image/impl/ByteGray
instanceKlass com/sun/prism/shader/Texture_Color_Loader
instanceKlass com/sun/prism/impl/shape/NativePiscesRasterizer$$Lambda$140
instanceKlass com/sun/prism/impl/shape/MaskData
instanceKlass com/sun/prism/impl/shape/NativePiscesRasterizer
instanceKlass com/sun/prism/impl/shape/ShapeRasterizer
instanceKlass com/sun/prism/impl/shape/ShapeUtil
instanceKlass com/sun/javafx/sg/prism/RegionImageCache$CachedImage
instanceKlass com/sun/prism/impl/packrect/Level
instanceKlass com/sun/prism/impl/packrect/RectanglePacker
instanceKlass com/sun/prism/impl/BaseResourceFactory$1
instanceKlass com/sun/javafx/sg/prism/RegionImageCache
instanceKlass com/sun/prism/d3d/D3DContext$1
instanceKlass java/nio/DirectByteBuffer$Deallocator
instanceKlass com/sun/prism/shader/FillPgram_Color_Loader
instanceKlass com/sun/prism/d3d/D3DResourceFactory$$Lambda$139
instanceKlass com/sun/javafx/geom/transform/Affine3D$1
instanceKlass com/sun/prism/impl/BaseGraphicsResource
instanceKlass com/sun/prism/impl/ps/BaseShaderGraphics$$Lambda$138
instanceKlass com/sun/prism/impl/Disposer$Target
instanceKlass com/sun/prism/impl/Disposer
instanceKlass com/sun/prism/impl/PrismTrace
instanceKlass com/sun/prism/d3d/D3DResource$D3DRecord
instanceKlass com/sun/prism/impl/Disposer$Record
instanceKlass com/sun/prism/impl/BaseTexture
instanceKlass com/sun/prism/d3d/D3DContextSource
instanceKlass com/sun/prism/ReadbackRenderTarget
instanceKlass com/sun/prism/d3d/D3DRenderTarget
instanceKlass com/sun/prism/impl/BaseResourcePool$WeakLinkedList
instanceKlass com/sun/prism/impl/BaseResourcePool$$Lambda$137
instanceKlass com/sun/prism/impl/BaseResourcePool$$Lambda$136
instanceKlass com/sun/prism/impl/BaseResourcePool$$Lambda$135
instanceKlass com/sun/prism/impl/BaseResourcePool$$Lambda$134
instanceKlass com/sun/prism/impl/BaseResourcePool$$Lambda$133
instanceKlass com/sun/prism/impl/BaseResourcePool$$Lambda$132
instanceKlass java/lang/invoke/LambdaForm$DMH
instanceKlass java/lang/invoke/LambdaForm$DMH
instanceKlass com/sun/prism/impl/ManagedResource
instanceKlass com/sun/prism/impl/BaseResourcePool$Predicate
instanceKlass com/sun/glass/ui/Size
instanceKlass com/sun/prism/impl/BaseResourcePool
instanceKlass com/sun/javafx/tk/quantum/CursorUtils$1
instanceKlass com/sun/javafx/tk/quantum/CursorUtils
instanceKlass com/sun/javafx/tk/quantum/ViewScene$$Lambda$131
instanceKlass com/sun/javafx/cursor/CursorFrame
instanceKlass javafx/scene/Cursor
instanceKlass com/sun/javafx/geom/Path2D$SVGParser
instanceKlass com/sun/javafx/sg/prism/EffectFilter
instanceKlass com/sun/scenario/effect/GaussianShadow$1
instanceKlass com/sun/javafx/tk/Toolkit$1
instanceKlass com/sun/scenario/effect/impl/state/LinearConvolveRenderState
instanceKlass com/sun/scenario/effect/Color4f
instanceKlass com/sun/scenario/effect/impl/state/LinearConvolveKernel
instanceKlass com/sun/scenario/effect/impl/state/RenderState
instanceKlass com/sun/javafx/sg/prism/CacheFilter
instanceKlass javafx/scene/effect/Effect$1
instanceKlass com/sun/javafx/util/TempState
instanceKlass com/sun/javafx/scene/traversal/TabOrderHelper
instanceKlass com/sun/javafx/tk/Toolkit$$Lambda$130
instanceKlass com/sun/javafx/tk/Toolkit$$Lambda$129
instanceKlass java/lang/invoke/LambdaForm$MH
instanceKlass java/lang/invoke/LambdaForm$DMH
instanceKlass java/lang/invoke/LambdaForm$DMH
instanceKlass com/sun/javafx/tk/quantum/WindowStage$$Lambda$128
instanceKlass java/lang/invoke/LambdaForm$BMH
instanceKlass com/sun/javafx/tk/quantum/GlassViewEventHandler$ViewEventNotification$$Lambda$127
instanceKlass javafx/scene/layout/FlowPane$LayoutRect
instanceKlass javafx/scene/layout/FlowPane$Run
instanceKlass com/sun/javafx/scene/text/HitInfo
instanceKlass com/sun/javafx/binding/BindingHelperObserver
instanceKlass javafx/geometry/Point2D
instanceKlass javafx/scene/text/Text$9
instanceKlass com/sun/javafx/scene/control/behavior/TextBinding
instanceKlass javafx/scene/layout/Region$11
instanceKlass java/util/NavigableSet
instanceKlass java/util/SortedSet
instanceKlass com/sun/javafx/font/directwrite/DWRITE_GLYPH_RUN
instanceKlass com/sun/javafx/font/directwrite/RECT
instanceKlass com/sun/javafx/font/directwrite/D2D1_MATRIX_3X2_F
instanceKlass com/sun/javafx/font/directwrite/D2D1_COLOR_F
instanceKlass com/sun/javafx/font/directwrite/DWGlyph
instanceKlass com/sun/javafx/font/Glyph
instanceKlass com/sun/javafx/font/directwrite/DWRITE_GLYPH_METRICS
instanceKlass com/sun/javafx/text/TextLine
instanceKlass com/sun/javafx/font/CMap
instanceKlass com/sun/javafx/font/PrismMetrics
instanceKlass com/sun/javafx/text/LayoutCache
instanceKlass sun/reflect/ClassDefiner$1
instanceKlass sun/reflect/ClassDefiner
instanceKlass sun/reflect/MethodAccessorGenerator$1
instanceKlass sun/reflect/Label$PatchInfo
instanceKlass sun/reflect/Label
instanceKlass sun/reflect/UTF8
instanceKlass sun/reflect/ClassFileAssembler
instanceKlass sun/reflect/ByteVectorImpl
instanceKlass sun/reflect/ByteVector
instanceKlass sun/reflect/ByteVectorFactory
instanceKlass sun/reflect/AccessorGenerator
instanceKlass sun/reflect/ClassFileConstants
instanceKlass com/sun/javafx/text/ScriptMapper
instanceKlass sun/text/bidi/BidiLine
instanceKlass sun/text/normalizer/UTF16
instanceKlass sun/text/normalizer/CharTrie$FriendAgent
instanceKlass sun/text/normalizer/Trie$DefaultGetFoldingOffset
instanceKlass sun/text/normalizer/Trie$DataManipulate
instanceKlass sun/text/normalizer/Trie
instanceKlass sun/text/normalizer/ICUBinary
instanceKlass sun/text/normalizer/UBiDiProps$IsAcceptable
instanceKlass sun/text/normalizer/ICUBinary$Authenticate
instanceKlass sun/text/normalizer/ICUData
instanceKlass sun/text/normalizer/UBiDiProps
instanceKlass sun/text/bidi/BidiBase$Point
instanceKlass sun/text/bidi/BidiBase$InsertPoints
instanceKlass sun/text/bidi/BidiRun
instanceKlass sun/text/bidi/BidiBase$ImpTabPair
instanceKlass sun/text/bidi/BidiBase
instanceKlass java/text/Bidi
instanceKlass com/sun/javafx/text/TextRun
instanceKlass com/sun/javafx/scene/control/skin/Utils
instanceKlass javafx/scene/layout/GridPane$CompositeSize
instanceKlass javafx/scene/Parent$4
instanceKlass javafx/collections/FXCollections$UnmodifiableObservableSet$1
instanceKlass com/sun/javafx/scene/control/skin/ScrollBarSkin$$Lambda$126
instanceKlass com/sun/javafx/scene/control/skin/ScrollBarSkin$$Lambda$125
instanceKlass com/sun/javafx/scene/control/skin/ScrollBarSkin$$Lambda$124
instanceKlass com/sun/javafx/scene/control/skin/ScrollBarSkin$$Lambda$123
instanceKlass com/sun/javafx/scene/control/skin/ScrollBarSkin$$Lambda$122
instanceKlass com/sun/javafx/scene/control/skin/ScrollBarSkin$$Lambda$121
instanceKlass com/sun/javafx/scene/control/skin/ScrollBarSkin$$Lambda$120
instanceKlass com/sun/javafx/scene/control/skin/ScrollBarSkin$$Lambda$119
instanceKlass com/sun/javafx/scene/control/skin/ScrollBarSkin$$Lambda$118
instanceKlass com/sun/javafx/scene/control/skin/ScrollBarSkin$$Lambda$117
instanceKlass com/sun/javafx/scene/control/skin/ScrollBarSkin$$Lambda$116
instanceKlass com/sun/javafx/css/BitSet$1
instanceKlass javafx/collections/SetChangeListener
instanceKlass com/sun/javafx/scene/control/skin/ScrollPaneSkin$$Lambda$115
instanceKlass com/sun/javafx/scene/control/skin/ScrollPaneSkin$$Lambda$114
instanceKlass com/sun/javafx/scene/control/skin/ScrollPaneSkin$$Lambda$113
instanceKlass com/sun/javafx/scene/control/skin/ScrollPaneSkin$$Lambda$112
instanceKlass com/sun/javafx/scene/control/skin/ScrollPaneSkin$$Lambda$111
instanceKlass com/sun/javafx/scene/control/skin/ScrollPaneSkin$$Lambda$110
instanceKlass com/sun/javafx/scene/control/skin/ScrollPaneSkin$$Lambda$109
instanceKlass com/sun/javafx/scene/control/skin/ScrollPaneSkin$$Lambda$108
instanceKlass com/sun/javafx/scene/control/skin/ScrollPaneSkin$$Lambda$107
instanceKlass com/sun/javafx/scene/EventHandlerProperties
instanceKlass com/sun/javafx/scene/control/skin/ScrollPaneSkin$$Lambda$106
instanceKlass com/sun/javafx/scene/control/skin/ScrollPaneSkin$$Lambda$105
instanceKlass com/sun/javafx/scene/control/skin/ScrollPaneSkin$$Lambda$104
instanceKlass javafx/scene/control/ScrollBar$StyleableProperties
instanceKlass javafx/scene/layout/FlowPane$StyleableProperties
instanceKlass javafx/scene/layout/StackPane$StyleableProperties
instanceKlass javafx/scene/shape/Rectangle$StyleableProperties
instanceKlass com/sun/javafx/scene/control/skin/ScrollPaneSkin$$Lambda$103
instanceKlass com/sun/javafx/geom/PathIterator
instanceKlass javafx/scene/Node$MiscProperties
instanceKlass javafx/scene/layout/StackPane$$Lambda$102
instanceKlass com/sun/javafx/scene/control/skin/ScrollPaneSkin$2
instanceKlass com/sun/javafx/scene/control/skin/ScrollPaneSkin$1
instanceKlass com/sun/javafx/scene/traversal/TraverseListener
instanceKlass javafx/scene/control/SkinBase$StyleableProperties
instanceKlass com/sun/javafx/scene/control/Logging
instanceKlass com/sun/javafx/scene/control/skin/ButtonSkin$$Lambda$101
instanceKlass com/sun/javafx/scene/control/skin/ButtonSkin$$Lambda$100
instanceKlass javafx/beans/value/WeakChangeListener
instanceKlass com/sun/javafx/scene/control/MultiplePropertyChangeListenerHandler$1
instanceKlass com/sun/javafx/scene/control/skin/BehaviorSkinBase$$Lambda$99
instanceKlass com/sun/javafx/scene/control/MultiplePropertyChangeListenerHandler
instanceKlass javafx/beans/property/BooleanPropertyBase$Listener
instanceKlass com/sun/javafx/font/Disposer$1
instanceKlass com/sun/javafx/font/Disposer
instanceKlass com/sun/javafx/font/CompositeStrikeDisposer
instanceKlass com/sun/javafx/font/Metrics
instanceKlass com/sun/javafx/font/CompositeStrike
instanceKlass com/sun/javafx/font/FontStrikeDesc
instanceKlass com/sun/javafx/font/PrismCompositeFontResource
instanceKlass java/io/RandomAccessFile$1
instanceKlass com/sun/javafx/font/PrismFontFile$DirectoryEntry
instanceKlass com/sun/javafx/font/FontFileReader$Buffer
instanceKlass com/sun/javafx/font/FontFileReader$$Lambda$98
instanceKlass java/io/RandomAccessFile
instanceKlass java/io/DataOutput
instanceKlass com/sun/javafx/font/FontFileReader
instanceKlass com/sun/javafx/font/PrismFontStrike
instanceKlass com/sun/javafx/font/DisposerRecord
instanceKlass com/sun/javafx/font/WindowsFontMap$FamilyDescription
instanceKlass com/sun/javafx/font/WindowsFontMap
instanceKlass com/sun/javafx/scene/text/TextLine
instanceKlass com/sun/javafx/scene/text/GlyphList
instanceKlass java/text/CharacterIterator
instanceKlass com/sun/javafx/text/PrismTextLayout
instanceKlass com/sun/javafx/scene/text/TextLayout
instanceKlass com/sun/javafx/text/PrismTextLayoutFactory
instanceKlass javafx/beans/property/ObjectPropertyBase$Listener
instanceKlass javafx/beans/value/ObservableIntegerValue
instanceKlass javafx/beans/value/WritableIntegerValue
instanceKlass javafx/scene/text/Text$TextAttribute
instanceKlass javafx/scene/text/Text$$Lambda$97
instanceKlass javafx/scene/text/Text$$Lambda$96
instanceKlass javafx/beans/WeakInvalidationListener
instanceKlass javafx/scene/shape/Shape$StyleableProperties
instanceKlass javafx/scene/text/Text$StyleableProperties
instanceKlass com/sun/javafx/scene/text/TextSpan
instanceKlass com/sun/javafx/beans/event/AbstractNotifyListener
instanceKlass com/sun/javafx/scene/control/skin/LabeledSkinBase$$Lambda$95
instanceKlass com/sun/javafx/scene/control/skin/BehaviorSkinBase$2
instanceKlass com/sun/javafx/scene/control/skin/BehaviorSkinBase$1
instanceKlass com/sun/javafx/scene/control/behavior/BehaviorBase$$Lambda$94
instanceKlass com/sun/javafx/scene/control/behavior/BehaviorBase$$Lambda$93
instanceKlass com/sun/javafx/robot/impl/FXRobotHelper$FXRobotInputAccessor
instanceKlass com/sun/javafx/scene/control/behavior/KeyBinding
instanceKlass javafx/scene/control/SkinBase$$Lambda$92
instanceKlass com/sun/javafx/scene/control/behavior/BehaviorBase
instanceKlass javafx/scene/control/SkinBase
instanceKlass javafx/scene/paint/Stop
instanceKlass com/sun/javafx/css/CssError
instanceKlass com/sun/javafx/css/StyleCacheEntry
instanceKlass com/sun/javafx/css/Style
instanceKlass com/sun/javafx/css/parser/StopConverter$Holder
instanceKlass com/sun/javafx/css/parser/LadderConverter$Holder
instanceKlass com/sun/javafx/css/parser/DeriveColorConverter$Holder
instanceKlass com/sun/javafx/css/Size
instanceKlass com/sun/javafx/css/Declaration
instanceKlass com/sun/javafx/css/Rule$Observables
instanceKlass com/sun/javafx/css/Match
instanceKlass com/sun/javafx/css/CalculatedValue
instanceKlass com/sun/javafx/css/StyleCacheEntry$Key
instanceKlass com/sun/javafx/css/StyleCache
instanceKlass javafx/scene/Node$20
instanceKlass com/sun/javafx/tk/quantum/GlassWindowEventHandler$$Lambda$91
instanceKlass com/sun/javafx/tk/quantum/GlassViewEventHandler$$Lambda$90
instanceKlass com/oracle/jrockit/jfr/FlightRecorder
instanceKlass com/oracle/jrockit/jfr/EventToken
instanceKlass com/oracle/jrockit/jfr/EventInfo
instanceKlass com/sun/javafx/logging/PrintLogger$$Lambda$89
instanceKlass com/sun/javafx/logging/PrintLogger$$Lambda$88
instanceKlass com/sun/javafx/logging/PrintLogger$$Lambda$87
instanceKlass com/sun/javafx/logging/Logger
instanceKlass com/sun/javafx/logging/PulseLogger
instanceKlass com/sun/javafx/tk/quantum/WindowStage$$Lambda$86
instanceKlass java/util/function/Supplier
instanceKlass com/sun/javafx/geom/DirtyRegionContainer
instanceKlass com/sun/javafx/geom/DirtyRegionPool
instanceKlass com/sun/javafx/sg/prism/NodePath
instanceKlass javafx/scene/Scene$InputMethodRequestsDelegate
instanceKlass com/sun/javafx/scene/input/ExtendedInputMethodRequests
instanceKlass javafx/scene/Scene$DropTargetListener
instanceKlass com/sun/scenario/effect/impl/state/AccessHelper
instanceKlass com/sun/scenario/effect/Effect$$Lambda$85
instanceKlass com/sun/scenario/effect/impl/state/AccessHelper$StateAccessor
instanceKlass com/sun/javafx/geom/Rectangle
instanceKlass com/sun/javafx/geom/Point2D
instanceKlass com/sun/prism/paint/Paint
instanceKlass com/sun/scenario/effect/Effect
instanceKlass javafx/scene/Scene$ScenePeerPaintListener
instanceKlass javafx/scene/Scene$ScenePeerListener
instanceKlass com/sun/javafx/tk/quantum/GlassScene$$Lambda$84
instanceKlass com/sun/javafx/tk/quantum/SwipeGestureRecognizer$CenterComputer
instanceKlass com/sun/javafx/tk/quantum/SwipeGestureRecognizer$MultiTouchTracker
instanceKlass com/sun/javafx/tk/quantum/SwipeGestureRecognizer
instanceKlass com/sun/javafx/tk/quantum/GestureRecognizers
instanceKlass com/sun/javafx/tk/quantum/GlassSceneDnDEventHandler
instanceKlass com/sun/javafx/tk/quantum/GlassViewEventHandler$ViewEventNotification
instanceKlass com/sun/javafx/tk/quantum/GlassViewEventHandler$MouseEventNotification
instanceKlass com/sun/javafx/tk/quantum/GlassViewEventHandler$KeyEventNotification
instanceKlass com/sun/javafx/tk/quantum/GlassViewEventHandler$$Lambda$83
instanceKlass com/sun/javafx/tk/quantum/GestureRecognizer
instanceKlass com/sun/javafx/tk/quantum/GlassTouchEventListener
instanceKlass com/sun/glass/ui/View$$Lambda$82
instanceKlass com/sun/prism/PresentableState
instanceKlass com/sun/javafx/tk/quantum/ViewPainter
instanceKlass com/sun/glass/ui/View$EventHandler
instanceKlass com/sun/glass/ui/ClipboardAssistance
instanceKlass javafx/application/Platform
instanceKlass com/sun/glass/ui/GestureSupport$$Lambda$81
instanceKlass com/sun/glass/ui/TouchInputSupport$TouchCountListener
instanceKlass java/lang/invoke/LambdaForm$DMH
instanceKlass com/sun/glass/ui/TouchInputSupport
instanceKlass com/sun/glass/ui/GestureSupport$GestureState
instanceKlass com/sun/glass/ui/GestureSupport
instanceKlass com/sun/glass/ui/win/WinGestureSupport
instanceKlass com/sun/javafx/tk/quantum/WindowStage$1
instanceKlass com/sun/javafx/tk/quantum/GlassStage$$Lambda$80
instanceKlass java/util/ResourceBundle$Control$1
instanceKlass java/util/zip/ZipFile$ZipEntryIterator
instanceKlass java/util/jar/JarFile$JarEntryIterator
instanceKlass java/util/ResourceBundle$CacheKeyReference
instanceKlass java/util/ResourceBundle$CacheKey
instanceKlass java/util/ResourceBundle$Control
instanceKlass java/net/URLClassLoader$3$1
instanceKlass sun/misc/CompoundEnumeration
instanceKlass java/net/URLClassLoader$3
instanceKlass sun/misc/URLClassPath$1
instanceKlass java/lang/ClassLoader$2
instanceKlass sun/misc/URLClassPath$2
instanceKlass java/util/LinkedHashMap$LinkedHashIterator
instanceKlass java/util/ServiceLoader$1
instanceKlass java/util/ServiceLoader$LazyIterator
instanceKlass java/util/ServiceLoader
instanceKlass java/util/spi/ResourceBundleControlProvider
instanceKlass java/util/ResourceBundle
instanceKlass com/sun/glass/ui/Window$EventHandler
instanceKlass com/sun/javafx/tk/quantum/GlassStage
instanceKlass com/sun/javafx/event/EventUtil
instanceKlass javafx/scene/Scene$KeyHandler$$Lambda$79
instanceKlass javafx/scene/Scene$KeyHandler
instanceKlass com/sun/javafx/scene/transform/TransformUtils
instanceKlass javafx/scene/Node$NodeTransformation
instanceKlass javafx/scene/Camera$$Lambda$78
instanceKlass com/sun/javafx/scene/CameraHelper
instanceKlass javafx/scene/Camera$3
instanceKlass com/sun/javafx/scene/CameraHelper$CameraAccessor
instanceKlass javafx/scene/control/ScrollPane$StyleableProperties
instanceKlass javafx/scene/control/Control$StyleableProperties
instanceKlass javafx/scene/control/Labeled$StyleableProperties
instanceKlass javafx/scene/layout/GridPane$StyleableProperties
instanceKlass com/sun/javafx/css/StyleCache$Key
instanceKlass javafx/scene/CssStyleHelper$CacheContainer
instanceKlass com/sun/javafx/css/StyleMap$$Lambda$77
instanceKlass com/sun/javafx/css/CascadingStyle
instanceKlass com/sun/javafx/css/StyleMap
instanceKlass com/sun/javafx/css/StyleManager$Cache$Key
instanceKlass com/sun/javafx/css/StyleManager$Cache
instanceKlass java/util/TimSort
instanceKlass java/util/Arrays$LegacyMergeSort
instanceKlass com/sun/javafx/css/StyleManager$Key
instanceKlass com/sun/javafx/css/StyleManager$CacheContainer
instanceKlass com/sun/javafx/css/converters/FontConverter$FontWeightConverter$Holder
instanceKlass com/sun/javafx/css/converters/FontConverter$FontStyleConverter$Holder
instanceKlass com/sun/javafx/css/converters/StringConverter$Holder
instanceKlass com/sun/javafx/css/converters/FontConverter$Holder
instanceKlass com/sun/javafx/font/PrismFont
instanceKlass com/sun/javafx/font/CharToGlyphMapper
instanceKlass com/sun/javafx/font/FontStrike
instanceKlass com/sun/javafx/font/LogicalFont
instanceKlass com/sun/javafx/font/CompositeFontResource
instanceKlass com/sun/javafx/font/directwrite/IUnknown
instanceKlass com/sun/javafx/font/directwrite/OS$$Lambda$76
instanceKlass com/sun/javafx/font/directwrite/OS
instanceKlass com/sun/javafx/font/PrismFontFile
instanceKlass com/sun/javafx/font/FontConstants
instanceKlass com/sun/javafx/text/GlyphLayout
instanceKlass com/sun/javafx/font/PrismFontFactory$$Lambda$75
instanceKlass java/io/FilenameFilter
instanceKlass com/sun/javafx/font/FontResource
instanceKlass com/sun/javafx/font/PGFont
instanceKlass com/sun/javafx/font/PrismFontFactory
instanceKlass sun/util/calendar/CalendarSystem
instanceKlass java/util/Date
instanceKlass sun/util/logging/LoggingSupport$2
instanceKlass java/util/logging/LoggingProxyImpl
instanceKlass sun/util/logging/LoggingProxy
instanceKlass sun/util/logging/LoggingSupport$1
instanceKlass sun/util/logging/LoggingSupport
instanceKlass sun/util/logging/PlatformLogger$LoggerProxy
instanceKlass sun/util/logging/PlatformLogger$1
instanceKlass sun/util/logging/PlatformLogger
instanceKlass com/sun/javafx/util/Logging
instanceKlass javafx/css/ParsedValue
instanceKlass javafx/scene/CssStyleHelper
instanceKlass javafx/scene/Scene$ClickCounter
instanceKlass java/util/EnumMap$1
instanceKlass javafx/scene/Scene$ClickGenerator
instanceKlass javafx/scene/Scene$MouseHandler$1
instanceKlass com/sun/javafx/event/EventQueue
instanceKlass javafx/scene/Scene$MouseHandler
instanceKlass com/sun/javafx/scene/traversal/TraversalEngine$BaseEngineContext
instanceKlass com/sun/javafx/scene/traversal/ContainerTabOrder
instanceKlass com/sun/javafx/scene/traversal/Algorithm
instanceKlass com/sun/javafx/scene/traversal/TraversalContext
instanceKlass javafx/scene/Scene$TouchMap
instanceKlass javafx/scene/Scene$TouchGesture
instanceKlass javafx/scene/Scene$TargetWrapper
instanceKlass javafx/scene/Scene$ScenePulseListener
instanceKlass javafx/scene/SceneAntialiasing
instanceKlass javafx/scene/Scene$$Lambda$74
instanceKlass com/sun/javafx/scene/SceneHelper
instanceKlass javafx/scene/Scene$3
instanceKlass javafx/scene/input/InputMethodRequests
instanceKlass com/sun/javafx/tk/TKDropTargetListener
instanceKlass com/sun/javafx/tk/TKScenePaintListener
instanceKlass com/sun/javafx/tk/TKSceneListener
instanceKlass com/sun/javafx/scene/SceneHelper$SceneAccessor
instanceKlass com/sun/javafx/robot/impl/FXRobotHelper$FXRobotSceneAccessor
instanceKlass com/sun/javafx/perf/PerformanceTracker$SceneAccessor
instanceKlass com/sun/javafx/scene/traversal/TraversalEngine
instanceKlass javascriptdevil/JavascriptDevil$4
instanceKlass javafx/beans/property/DoublePropertyBase$Listener
instanceKlass javafx/scene/effect/Effect
instanceKlass com/sun/javafx/css/converters/EffectConverter$Holder
instanceKlass com/sun/javafx/css/converters/CursorConverter$Holder
instanceKlass javafx/scene/Node$StyleableProperties
instanceKlass com/sun/javafx/css/converters/SizeConverter$Holder
instanceKlass com/sun/javafx/css/converters/BooleanConverter$Holder
instanceKlass javafx/scene/layout/BorderWidths
